2018-07-30 06:43:41 +0000  Initial pipeline context: <IDEDistributionProcessingPipelineContext: 0x7fb245923960; archive(resolved)='<IDEArchive: 0x7fb24324a2d0>', distributionTask(resolved)='2', distributionMethod(resolved)='<IDEDistributionMethodDevelopmentSigned: 0x7fb2583be6b0>', team(resolved)='<IDEProvisioningBasicTeam: 0x7fb242500b60; teamID='24W666RFSM', teamName='RAYLIOS TECHNOLOGY INC.'>'>
	Chain (11, self inclusive):
	<IDEDistributionProcessingPipelineContext: 0x7fb245923960; archive = '<IDEArchive: 0x7fb24324a2d0>', distributionMethod='<IDEDistributionMethodDevelopmentSigned: 0x7fb2583be6b0>', team='<IDEProvisioningBasicTeam: 0x7fb242500b60; teamID='24W666RFSM', teamName='RAYLIOS TECHNOLOGY INC.'>'>
	<IDEDistributionProcessingPipelineContext: 0x7fb242acc020; archive = '<IDEArchive: 0x7fb24324a2d0>', distributionMethod='<IDEDistributionMethodDevelopmentSigned: 0x7fb2583be6b0>', team='<IDEProvisioningBasicTeam: 0x7fb242500b60; teamID='24W666RFSM', teamName='RAYLIOS TECHNOLOGY INC.'>'>
	<IDEDistributionContext: 0x7fb244b403e0; archive = '<IDEArchive: 0x7fb24324a2d0>', distributionMethod='<IDEDistributionMethodDevelopmentSigned: 0x7fb2583be6b0>', team='<IDEProvisioningBasicTeam: 0x7fb242500b60; teamID='24W666RFSM', teamName='RAYLIOS TECHNOLOGY INC.'>'>
	<IDEDistributionContext: 0x7fb25a642690; archive = '<IDEArchive: 0x7fb24324a2d0>', distributionMethod='<IDEDistributionMethodDevelopmentSigned: 0x7fb2583be6b0>', team='<IDEProvisioningBasicTeam: 0x7fb242500b60; teamID='24W666RFSM', teamName='RAYLIOS TECHNOLOGY INC.'>'>
	<IDEDistributionContext: 0x7fb24490e110; archive = '<IDEArchive: 0x7fb24324a2d0>', distributionMethod='<IDEDistributionMethodDevelopmentSigned: 0x7fb2583be6b0>', team='<IDEProvisioningBasicTeam: 0x7fb242500b60; teamID='24W666RFSM', teamName='RAYLIOS TECHNOLOGY INC.'>'>
	<IDEDistributionContext: 0x7fb242f4cc70; archive = '<IDEArchive: 0x7fb24324a2d0>', distributionMethod='<IDEDistributionMethodDevelopmentSigned: 0x7fb2583be6b0>', team='<IDEProvisioningBasicTeam: 0x7fb242500b60; teamID='24W666RFSM', teamName='RAYLIOS TECHNOLOGY INC.'>'>
	<IDEDistributionContext: 0x7fb242b927e0; archive = '<IDEArchive: 0x7fb24324a2d0>', distributionMethod='<IDEDistributionMethodDevelopmentSigned: 0x7fb2583be6b0>', team='<IDEProvisioningBasicTeam: 0x7fb242500b60; teamID='24W666RFSM', teamName='RAYLIOS TECHNOLOGY INC.'>'>
	<IDEDistributionContext: 0x7fb244cb9cc0; archive = '<IDEArchive: 0x7fb24324a2d0>', distributionMethod='<IDEDistributionMethodDevelopmentSigned: 0x7fb2583be6b0>', team='<IDEProvisioningBasicTeam: 0x7fb242500b60; teamID='24W666RFSM', teamName='RAYLIOS TECHNOLOGY INC.'>'>
	<IDEDistributionContext: 0x7fb244b9a850; archive = '<IDEArchive: 0x7fb24324a2d0>', distributionMethod='<IDEDistributionMethodDevelopmentSigned: 0x7fb2583be6b0>', team='<IDEProvisioningBasicTeam: 0x7fb242500b60; teamID='24W666RFSM', teamName='RAYLIOS TECHNOLOGY INC.'>'>
	<IDEDistributionContext: 0x7fb24368ae00; archive = '<IDEArchive: 0x7fb24324a2d0>', distributionMethod='<IDEDistributionMethodDevelopmentSigned: 0x7fb2583be6b0>', team='(null)'>
	<IDEDistributionContext: 0x7fb242ba9880; archive = '<IDEArchive: 0x7fb24324a2d0>', distributionMethod='(null)', team='(null)'>
</IDEDistributionProcessingPipelineContext: 0x7fb245923960>
2018-07-30 06:43:41 +0000  Processing step: IDEDistributionCreateDestRootStep
2018-07-30 06:43:41 +0000  Processing step: IDEDistributionCopyItemStep
2018-07-30 06:43:41 +0000  Running /usr/bin/ditto '-V' '/Users/yuzongen/Library/Developer/Xcode/Archives/2018-07-30/openEyeOn 2018-7-30 下午2.33.xcarchive/Products/Applications/openEyeOn.app' '/var/folders/gz/1xg6yp412cq6lqx4mjhyllnc0000gn/T/XcodeDistPipeline.O90/Root/Payload/openEyeOn.app'
2018-07-30 06:43:41 +0000  >>> Copying /Users/yuzongen/Library/Developer/Xcode/Archives/2018-07-30/openEyeOn 2018-7-30 下午2.33.xcarchive/Products/Applications/openEyeOn.app 
2018-07-30 06:43:41 +0000  copying file ./_CodeSignature/CodeResources ... 
2018-07-30 06:43:41 +0000  63314 bytes for ./_CodeSignature/CodeResources
2018-07-30 06:43:41 +0000  copying file ./slidemenu_logout.png ... 
2018-07-30 06:43:41 +0000  3979 bytes for ./slidemenu_logout.png
2018-07-30 06:43:41 +0000  copying file ./TL-button-record.png ... 
2018-07-30 06:43:41 +0000  3403 bytes for ./TL-button-record.png
2018-07-30 06:43:41 +0000  copying file ./green-light.png ... 
2018-07-30 06:43:41 +0000  2947 bytes for ./green-light.png
copying file ./cameradetail_setting_notice.png ... 
2018-07-30 06:43:41 +0000  1800 bytes for ./cameradetail_setting_notice.png
copying file ./recording_on.png ... 
2018-07-30 06:43:41 +0000  4835 bytes for ./recording_on.png
copying file ./slide-thumb-public.png ... 
2018-07-30 06:43:41 +0000  1627 bytes for ./slide-thumb-public.png
copying file ./slidemenu_intro_white.png ... 
2018-07-30 06:43:41 +0000  5358 bytes for ./slidemenu_intro_white.png
copying file ./detail-setting.png ... 
2018-07-30 06:43:41 +0000  4863 bytes for ./detail-setting.png
copying file ./blackArrow.png ... 
2018-07-30 06:43:41 +0000  3799 bytes for ./blackArrow.png
2018-07-30 06:43:41 +0000  copying file ./ja.lproj/Localizable.strings ... 
2018-07-30 06:43:41 +0000  42 bytes for ./ja.lproj/Localizable.strings
2018-07-30 06:43:41 +0000  copying file ./wps04_ffwd.png ... 
2018-07-30 06:43:41 +0000  15871 bytes for ./wps04_ffwd.png
2018-07-30 06:43:41 +0000  copying file ./slidemenu_feedback_white.png ... 
2018-07-30 06:43:41 +0000  3901 bytes for ./slidemenu_feedback_white.png
2018-07-30 06:43:41 +0000  copying file ./wps05_ffwd.png ... 
2018-07-30 06:43:41 +0000  14423 bytes for ./wps05_ffwd.png
copying file ./talk_on.png ... 
2018-07-30 06:43:41 +0000  5352 bytes for ./talk_on.png
2018-07-30 06:43:41 +0000  copying file ./liveview_timelapse_gray.png ... 
2018-07-30 06:43:41 +0000  11867 bytes for ./liveview_timelapse_gray.png
copying file ./privacy_on.png ... 
2018-07-30 06:43:41 +0000  4793 bytes for ./privacy_on.png
copying file ./camera_list_eventlist.png ... 
2018-07-30 06:43:41 +0000  767 bytes for ./camera_list_eventlist.png
2018-07-30 06:43:41 +0000  copying file ./AddSharedCamScrollVC.nib ... 
2018-07-30 06:43:41 +0000  1525 bytes for ./AddSharedCamScrollVC.nib
2018-07-30 06:43:41 +0000  copying file ./en.lproj/Localizable.strings ... 
2018-07-30 06:43:41 +0000  42 bytes for ./en.lproj/Localizable.strings
copying file ./en.lproj/FirstTimeConsentVC.nib ... 
2018-07-30 06:43:41 +0000  3411 bytes for ./en.lproj/FirstTimeConsentVC.nib
copying file ./en.lproj/CoconutViewController_iPad.nib ... 
2018-07-30 06:43:41 +0000  943 bytes for ./en.lproj/CoconutViewController_iPad.nib
copying file ./en.lproj/CoconutViewController_iPhone.nib ... 
2018-07-30 06:43:41 +0000  1392 bytes for ./en.lproj/CoconutViewController_iPhone.nib
2018-07-30 06:43:41 +0000  copying file ./common-icon-share.png ... 
2018-07-30 06:43:41 +0000  3051 bytes for ./common-icon-share.png
copying file ./wifi_wps.png ... 
2018-07-30 06:43:41 +0000  15804 bytes for ./wifi_wps.png
2018-07-30 06:43:41 +0000  copying file ./cammode_pet_white.png ... 
2018-07-30 06:43:41 +0000  5805 bytes for ./cammode_pet_white.png
2018-07-30 06:43:41 +0000  copying file ./AppIcon57x57.png ... 
2018-07-30 06:43:41 +0000  4996 bytes for ./AppIcon57x57.png
copying file ./cameradetail_arrowright.png ... 
2018-07-30 06:43:41 +0000  3627 bytes for ./cameradetail_arrowright.png
2018-07-30 06:43:41 +0000  copying file ./cameradetail_download.png ... 
2018-07-30 06:43:41 +0000  3797 bytes for ./cameradetail_download.png
2018-07-30 06:43:41 +0000  copying file ./zbar-helpicons.png ... 
2018-07-30 06:43:41 +0000  22384 bytes for ./zbar-helpicons.png
copying file ./DVRPlaybackViewController.nib ... 
2018-07-30 06:43:41 +0000  4834 bytes for ./DVRPlaybackViewController.nib
copying file ./slidemenu_intro.png ... 
2018-07-30 06:43:41 +0000  5296 bytes for ./slidemenu_intro.png
copying file ./addcam-right-arrow.png ... 
2018-07-30 06:43:41 +0000  3618 bytes for ./addcam-right-arrow.png
copying file ./add-cam-left-arrow.png ... 
2018-07-30 06:43:41 +0000  3624 bytes for ./add-cam-left-arrow.png
2018-07-30 06:43:41 +0000  copying file ./zbar-samples.png ... 
2018-07-30 06:43:41 +0000  1312 bytes for ./zbar-samples.png
copying file ./blueArrow@2x.png ... 
2018-07-30 06:43:41 +0000  894 bytes for ./blueArrow@2x.png
copying file ./addcam-left-arrow2.png ... 
2018-07-30 06:43:41 +0000  3238 bytes for ./addcam-left-arrow2.png
2018-07-30 06:43:41 +0000  copying file ./common_whiteline.png ... 
2018-07-30 06:43:41 +0000  2847 bytes for ./common_whiteline.png
copying file ./cameradetail_arrowright_blue.png ... 
2018-07-30 06:43:41 +0000  3559 bytes for ./cameradetail_arrowright_blue.png
copying file ./grayArrow.png ... 
2018-07-30 06:43:41 +0000  1077 bytes for ./grayArrow.png
2018-07-30 06:43:41 +0000  copying file ./cammode_lego_white.png ... 
2018-07-30 06:43:41 +0000  5161 bytes for ./cammode_lego_white.png
2018-07-30 06:43:41 +0000  copying file ./AppIcon29x29.png ... 
2018-07-30 06:43:41 +0000  4096 bytes for ./AppIcon29x29.png
copying file ./common_arrowback.png ... 
2018-07-30 06:43:41 +0000  3294 bytes for ./common_arrowback.png
2018-07-30 06:43:41 +0000  copying file ./whiteArrow@2x.png ... 
2018-07-30 06:43:41 +0000  869 bytes for ./whiteArrow@2x.png
copying file ./listen_on.png ... 
2018-07-30 06:43:41 +0000  3528 bytes for ./listen_on.png
copying file ./live-button-speaker.png ... 
2018-07-30 06:43:41 +0000  3038 bytes for ./live-button-speaker.png
2018-07-30 06:43:41 +0000  copying file ./cammode_quickstart.png ... 
2018-07-30 06:43:41 +0000  4925 bytes for ./cammode_quickstart.png
copying file ./cammode_lego.png ... 
2018-07-30 06:43:41 +0000  5109 bytes for ./cammode_lego.png
2018-07-30 06:43:41 +0000  copying file ./camera_list_circle_gray.png ... 
2018-07-30 06:43:41 +0000  7592 bytes for ./camera_list_circle_gray.png
2018-07-30 06:43:41 +0000  copying file ./AppIcon60x60@2x.png ... 
2018-07-30 06:43:41 +0000  9899 bytes for ./AppIcon60x60@2x.png
2018-07-30 06:43:41 +0000  copying file ./cammode_quickstart_white.png ... 
2018-07-30 06:43:41 +0000  4976 bytes for ./cammode_quickstart_white.png
2018-07-30 06:43:41 +0000  copying file ./addcam-flashing-red.png ... 
2018-07-30 06:43:41 +0000  4295 bytes for ./addcam-flashing-red.png
2018-07-30 06:43:41 +0000  copying file ./liveview_tl_on.png ... 
2018-07-30 06:43:41 +0000  2349 bytes for ./liveview_tl_on.png
copying file ./snapshot.png ... 
2018-07-30 06:43:41 +0000  5825 bytes for ./snapshot.png
copying file ./green-breath-light2.png ... 
2018-07-30 06:43:41 +0000  2739 bytes for ./green-breath-light2.png
2018-07-30 06:43:41 +0000  copying file ./slide-thumb-public1.png ... 
2018-07-30 06:43:41 +0000  4376 bytes for ./slide-thumb-public1.png
copying file ./cammode_instagram_white.png ... 
2018-07-30 06:43:41 +0000  4114 bytes for ./cammode_instagram_white.png
2018-07-30 06:43:41 +0000  copying file ./include/CocoLiveViewPlayer/UtilPlayer.h ... 
2018-07-30 06:43:41 +0000  3177 bytes for ./include/CocoLiveViewPlayer/UtilPlayer.h
2018-07-30 06:43:41 +0000  copying file ./include/CocoLiveViewPlayer/CocoLiveViewPlayer.h ... 
2018-07-30 06:43:41 +0000  4982 bytes for ./include/CocoLiveViewPlayer/CocoLiveViewPlayer.h
2018-07-30 06:43:41 +0000  copying file ./include/CocoTalk/CocoTalk.h ... 
2018-07-30 06:43:41 +0000  18353 bytes for ./include/CocoTalk/CocoTalk.h
2018-07-30 06:43:41 +0000  copying file ./include/CocoTalk/CocoClient.h ... 
2018-07-30 06:43:41 +0000  11543 bytes for ./include/CocoTalk/CocoClient.h
2018-07-30 06:43:41 +0000  copying file ./include/CocoTalk/GCDAsyncUdpSocket.h ... 
2018-07-30 06:43:41 +0000  45546 bytes for ./include/CocoTalk/GCDAsyncUdpSocket.h
2018-07-30 06:43:41 +0000  copying file ./include/CocoTalk/CocoUPnP.h ... 
2018-07-30 06:43:41 +0000  1155 bytes for ./include/CocoTalk/CocoUPnP.h
2018-07-30 06:43:41 +0000  copying file ./include/CocoTalk/GCDAsyncSocket.h ... 
2018-07-30 06:43:41 +0000  60011 bytes for ./include/CocoTalk/GCDAsyncSocket.h
2018-07-30 06:43:41 +0000  copying file ./AppIcon29x29@2x.png ... 
2018-07-30 06:43:41 +0000  4968 bytes for ./AppIcon29x29@2x.png
2018-07-30 06:43:41 +0000  copying file ./cameradetail_stop_blue.png ... 
2018-07-30 06:43:41 +0000  6327 bytes for ./cameradetail_stop_blue.png
2018-07-30 06:43:41 +0000  copying file ./zbar-help.html ... 
2018-07-30 06:43:41 +0000  3383 bytes for ./zbar-help.html
2018-07-30 06:43:41 +0000  copying file ./AddUIDOptionsVC.nib ... 
2018-07-30 06:43:41 +0000  4676 bytes for ./AddUIDOptionsVC.nib
2018-07-30 06:43:41 +0000  copying file ./AddCamWiFiDir2.nib ... 
2018-07-30 06:43:41 +0000  2285 bytes for ./AddCamWiFiDir2.nib
2018-07-30 06:43:41 +0000  copying file ./live-button-ir.png ... 
2018-07-30 06:43:41 +0000  3589 bytes for ./live-button-ir.png
2018-07-30 06:43:41 +0000  copying file ./addcam-share-mail.png ... 
2018-07-30 06:43:41 +0000  58254 bytes for ./addcam-share-mail.png
2018-07-30 06:43:41 +0000  copying file ./slidemenu_feedback.png ... 
2018-07-30 06:43:41 +0000  3982 bytes for ./slidemenu_feedback.png
2018-07-30 06:43:41 +0000  copying file ./CreateAccountVC.nib ... 
2018-07-30 06:43:41 +0000  5234 bytes for ./CreateAccountVC.nib
2018-07-30 06:43:41 +0000  copying file ./green-breath-light 拷貝 2.png ... 
2018-07-30 06:43:41 +0000  4762 bytes for ./green-breath-light 拷貝 2.png
2018-07-30 06:43:41 +0000  copying file ./AppIcon57x57@2x.png ... 
2018-07-30 06:43:41 +0000  7291 bytes for ./AppIcon57x57@2x.png
2018-07-30 06:43:41 +0000  copying file ./common_button_frame.png ... 
2018-07-30 06:43:41 +0000  3638 bytes for ./common_button_frame.png
2018-07-30 06:43:41 +0000  copying file ./addcam-QR-transparent.png ... 
2018-07-30 06:43:41 +0000  5828 bytes for ./addcam-QR-transparent.png
2018-07-30 06:43:41 +0000  copying file ./cameradetail_stop.png ... 
2018-07-30 06:43:41 +0000  6137 bytes for ./cameradetail_stop.png
2018-07-30 06:43:41 +0000  copying file ./green-breath-light1.png ... 
2018-07-30 06:43:41 +0000  2723 bytes for ./green-breath-light1.png
copying file ./common_arrowleft.png ... 
2018-07-30 06:43:41 +0000  3308 bytes for ./common_arrowleft.png
copying file ./addcam-up-arrow.png ... 
2018-07-30 06:43:41 +0000  3326 bytes for ./addcam-up-arrow.png
2018-07-30 06:43:41 +0000  copying file ./AppIcon29x29~ipad.png ... 
2018-07-30 06:43:41 +0000  4096 bytes for ./AppIcon29x29~ipad.png
2018-07-30 06:43:41 +0000  copying file ./CocoEventViewCtlr.nib ... 
2018-07-30 06:43:41 +0000  1518 bytes for ./CocoEventViewCtlr.nib
2018-07-30 06:43:41 +0000  copying file ./AppIcon40x40@2x.png ... 
2018-07-30 06:43:41 +0000  6731 bytes for ./AppIcon40x40@2x.png
2018-07-30 06:43:41 +0000  copying file ./TL-icon-play.png ... 
2018-07-30 06:43:41 +0000  4027 bytes for ./TL-icon-play.png
2018-07-30 06:43:41 +0000  copying file ./gray-light.png ... 
2018-07-30 06:43:41 +0000  2943 bytes for ./gray-light.png
2018-07-30 06:43:41 +0000  copying file ./wps03_ffwd.png ... 
2018-07-30 06:43:41 +0000  31794 bytes for ./wps03_ffwd.png
2018-07-30 06:43:41 +0000  copying file ./wps02_ffwd.png ... 
2018-07-30 06:43:41 +0000  18950 bytes for ./wps02_ffwd.png
2018-07-30 06:43:41 +0000  copying file ./TL-icon-failed.png ... 
2018-07-30 06:43:41 +0000  5877 bytes for ./TL-icon-failed.png
2018-07-30 06:43:41 +0000  copying file ./addcam_wps_done.png ... 
2018-07-30 06:43:41 +0000  1922 bytes for ./addcam_wps_done.png
2018-07-30 06:43:41 +0000  copying file ./zbar-back.png ... 
2018-07-30 06:43:41 +0000  319 bytes for ./zbar-back.png
2018-07-30 06:43:41 +0000  copying file ./btFB.png ... 
2018-07-30 06:43:41 +0000  2901 bytes for ./btFB.png
2018-07-30 06:43:41 +0000  copying file ./addcam-flashing-blue.png ... 
2018-07-30 06:43:41 +0000  6703 bytes for ./addcam-flashing-blue.png
2018-07-30 06:43:41 +0000  copying file ./addcam-icon-blue.png ... 
2018-07-30 06:43:41 +0000  6614 bytes for ./addcam-icon-blue.png
2018-07-30 06:43:41 +0000  copying file ./recording_off.png ... 
2018-07-30 06:43:41 +0000  5381 bytes for ./recording_off.png
2018-07-30 06:43:41 +0000  copying file ./statement-title.png ... 
2018-07-30 06:43:41 +0000  7471 bytes for ./statement-title.png
2018-07-30 06:43:41 +0000  copying file ./temperature.png ... 
2018-07-30 06:43:41 +0000  4430 bytes for ./temperature.png
2018-07-30 06:43:41 +0000  copying file ./slide-thumb-live.png ... 
2018-07-30 06:43:41 +0000  4860 bytes for ./slide-thumb-live.png
copying file ./cammode_kitchen_white.png ... 
2018-07-30 06:43:41 +0000  4189 bytes for ./cammode_kitchen_white.png
2018-07-30 06:43:41 +0000  copying file ./slide-thumb-feedback.png ... 
2018-07-30 06:43:41 +0000  4526 bytes for ./slide-thumb-feedback.png
2018-07-30 06:43:41 +0000  copying file ./zh-Hant.lproj/Localizable.strings ... 
2018-07-30 06:43:41 +0000  42 bytes for ./zh-Hant.lproj/Localizable.strings
2018-07-30 06:43:41 +0000  copying file ./zh-Hant.lproj/FirstTimeConsentVC.nib ... 
2018-07-30 06:43:41 +0000  3420 bytes for ./zh-Hant.lproj/FirstTimeConsentVC.nib
2018-07-30 06:43:41 +0000  copying file ./zh-Hant.lproj/CoconutViewController_iPad.nib ... 
2018-07-30 06:43:41 +0000  943 bytes for ./zh-Hant.lproj/CoconutViewController_iPad.nib
2018-07-30 06:43:41 +0000  copying file ./zh-Hant.lproj/CoconutViewController_iPhone.nib ... 
2018-07-30 06:43:41 +0000  1392 bytes for ./zh-Hant.lproj/CoconutViewController_iPhone.nib
2018-07-30 06:43:41 +0000  copying file ./camera_list_circle_yellow animation.png ... 
2018-07-30 06:43:41 +0000  9220 bytes for ./camera_list_circle_yellow animation.png
2018-07-30 06:43:41 +0000  copying file ./green-breath-light.png ... 
2018-07-30 06:43:41 +0000  1858 bytes for ./green-breath-light.png
2018-07-30 06:43:41 +0000  copying file ./splash_background.png ... 
2018-07-30 06:43:41 +0000  733621 bytes for ./splash_background.png
2018-07-30 06:43:41 +0000  copying file ./default_thumb.png ... 
2018-07-30 06:43:41 +0000  2348 bytes for ./default_thumb.png
2018-07-30 06:43:41 +0000  copying file ./cameradetail_play_blue.png ... 
2018-07-30 06:43:41 +0000  6750 bytes for ./cameradetail_play_blue.png
2018-07-30 06:43:41 +0000  copying file ./cammode_pet.png ... 
2018-07-30 06:43:41 +0000  5648 bytes for ./cammode_pet.png
2018-07-30 06:43:41 +0000  copying file ./addcam-friend-shared.png ... 
2018-07-30 06:43:41 +0000  5802 bytes for ./addcam-friend-shared.png
2018-07-30 06:43:41 +0000  copying file ./common_reddot.png ... 
2018-07-30 06:43:41 +0000  4579 bytes for ./common_reddot.png
2018-07-30 06:43:41 +0000  copying file ./common_slidemenu.png ... 
2018-07-30 06:43:41 +0000  3172 bytes for ./common_slidemenu.png
2018-07-30 06:43:41 +0000  copying file ./common_edit.png ... 
2018-07-30 06:43:41 +0000  4405 bytes for ./common_edit.png
2018-07-30 06:43:41 +0000  copying file ./AddSharedCam1VC.nib ... 
2018-07-30 06:43:41 +0000  3125 bytes for ./AddSharedCam1VC.nib
2018-07-30 06:43:41 +0000  copying file ./camera-click.wav ... 
2018-07-30 06:43:41 +0000  235640 bytes for ./camera-click.wav
copying file ./slidemenu_copyright.png ... 
2018-07-30 06:43:41 +0000  5789 bytes for ./slidemenu_copyright.png
copying file ./AddCamScrollVC.nib ... 
2018-07-30 06:43:41 +0000  1254 bytes for ./AddCamScrollVC.nib
copying file ./siren_on.png ... 
2018-07-30 06:43:41 +0000  5111 bytes for ./siren_on.png
2018-07-30 06:43:41 +0000  copying file ./whiteArrow.png ... 
2018-07-30 06:43:41 +0000  4011 bytes for ./whiteArrow.png
copying file ./siren_off.png ... 
2018-07-30 06:43:41 +0000  5911 bytes for ./siren_off.png
copying file ./CamShareViewController.nib ... 
2018-07-30 06:43:41 +0000  3942 bytes for ./CamShareViewController.nib
copying file ./slide-button.png ... 
2018-07-30 06:43:41 +0000  3069 bytes for ./slide-button.png
copying file ./Default-568h@2x.png ... 
2018-07-30 06:43:41 +0000  23014 bytes for ./Default-568h@2x.png
copying file ./Assets.car ... 
2018-07-30 06:43:41 +0000  484664 bytes for ./Assets.car
copying file ./addcam-lighting-blue.png ... 
2018-07-30 06:43:41 +0000  6981 bytes for ./addcam-lighting-blue.png
copying file ./AppIcon40x40@2x~ipad.png ... 
2018-07-30 06:43:41 +0000  6731 bytes for ./AppIcon40x40@2x~ipad.png
copying file ./TL-icon-stop.png ... 
2018-07-30 06:43:41 +0000  3886 bytes for ./TL-icon-stop.png
copying file ./listen_off.png ... 
2018-07-30 06:43:41 +0000  4116 bytes for ./listen_off.png
copying file ./cammode_instagram.png ... 
2018-07-30 06:43:41 +0000  4181 bytes for ./cammode_instagram.png
2018-07-30 06:43:41 +0000  copying file ./LoginViewController.nib ... 
2018-07-30 06:43:41 +0000  4993 bytes for ./LoginViewController.nib
copying file ./cameradetail_download_blue.png ... 
2018-07-30 06:43:41 +0000  3754 bytes for ./cameradetail_download_blue.png
copying file ./liveview_tl_off.png ... 
2018-07-30 06:43:41 +0000  3280 bytes for ./liveview_tl_off.png
2018-07-30 06:43:41 +0000  copying file ./blackArrow@2x.png ... 
2018-07-30 06:43:41 +0000  593 bytes for ./blackArrow@2x.png
copying file ./AddCamWPS1VC.nib ... 
2018-07-30 06:43:41 +0000  3153 bytes for ./AddCamWPS1VC.nib
2018-07-30 06:43:41 +0000  copying file ./cameradetail_play.png ... 
2018-07-30 06:43:41 +0000  6522 bytes for ./cameradetail_play.png
2018-07-30 06:43:41 +0000  copying file ./liveview_timelapse.png ... 
2018-07-30 06:43:41 +0000  10061 bytes for ./liveview_timelapse.png
copying file ./liveview_snapshot.png ... 
2018-07-30 06:43:41 +0000  4975 bytes for ./liveview_snapshot.png
copying file ./openEyeOn ... 
2018-07-30 06:43:41 +0000  7460560 bytes for ./openEyeOn
copying file ./live-panel.png ... 
2018-07-30 06:43:41 +0000  3784 bytes for ./live-panel.png
copying file ./cameradetail_setting.png ... 
1521 bytes for ./cameradetail_setting.png
copying file ./WiFiStatusViewController.nib ... 
3551 bytes for ./WiFiStatusViewController.nib
copying file ./camera_list_circle_yellow.png ... 
2018-07-30 06:43:41 +0000  7612 bytes for ./camera_list_circle_yellow.png
copying file ./AddCamCable1VC.nib ... 
2018-07-30 06:43:41 +0000  3000 bytes for ./AddCamCable1VC.nib
2018-07-30 06:43:41 +0000  copying file ./cammode_manual.png ... 
2018-07-30 06:43:41 +0000  4158 bytes for ./cammode_manual.png
copying file ./live-button-speakeroff.png ... 
2018-07-30 06:43:41 +0000  3327 bytes for ./live-button-speakeroff.png
copying file ./AddCamWPS3VC.nib ... 
2018-07-30 06:43:41 +0000  3105 bytes for ./AddCamWPS3VC.nib
2018-07-30 06:43:41 +0000  copying file ./slidemenu_camera.png ... 
2018-07-30 06:43:41 +0000  6373 bytes for ./slidemenu_camera.png
copying file ./cammode_kitchen.png ... 
2018-07-30 06:43:41 +0000  4161 bytes for ./cammode_kitchen.png
copying file ./slide-thumb-manual.png ... 
2018-07-30 06:43:41 +0000  4578 bytes for ./slide-thumb-manual.png
2018-07-30 06:43:41 +0000  copying file ./cable02.png ... 
2018-07-30 06:43:41 +0000  27249 bytes for ./cable02.png
copying file ./AddCamOptionsVC.nib ... 
2018-07-30 06:43:41 +0000  2851 bytes for ./AddCamOptionsVC.nib
copying file ./slidemenu_camera_white.png ... 
2018-07-30 06:43:41 +0000  6523 bytes for ./slidemenu_camera_white.png
2018-07-30 06:43:41 +0000  copying file ./AddCamWiFiDir.nib ... 
2018-07-30 06:43:41 +0000  2310 bytes for ./AddCamWiFiDir.nib
copying file ./addcam-plug.png ... 
2018-07-30 06:43:41 +0000  3947 bytes for ./addcam-plug.png
copying file ./wps06.png ... 
2018-07-30 06:43:41 +0000  21263 bytes for ./wps06.png
2018-07-30 06:43:41 +0000  copying file ./slidemenu_logout_white.png ... 
2018-07-30 06:43:41 +0000  3912 bytes for ./slidemenu_logout_white.png
2018-07-30 06:43:41 +0000  copying file ./blueArrow.png ... 
2018-07-30 06:43:41 +0000  4175 bytes for ./blueArrow.png
copying file ./TL-icon-succeeded.png ... 
2018-07-30 06:43:41 +0000  5500 bytes for ./TL-icon-succeeded.png
copying file ./cable03.png ... 
2018-07-30 06:43:41 +0000  14682 bytes for ./cable03.png
2018-07-30 06:43:41 +0000  copying file ./red-light.png ... 
2018-07-30 06:43:41 +0000  3069 bytes for ./red-light.png
2018-07-30 06:43:41 +0000  copying file ./addcam-QR.png ... 
2018-07-30 06:43:41 +0000  6832 bytes for ./addcam-QR.png
2018-07-30 06:43:41 +0000  copying file ./cable01.png ... 
2018-07-30 06:43:41 +0000  23205 bytes for ./cable01.png
copying file ./camera_list_arrowright.png ... 
2018-07-30 06:43:41 +0000  3651 bytes for ./camera_list_arrowright.png
copying file ./camera_list_add_camera.png ... 
2018-07-30 06:43:41 +0000  8103 bytes for ./camera_list_add_camera.png
2018-07-30 06:43:41 +0000  copying file ./wifi settings.png ... 
2018-07-30 06:43:41 +0000  20026 bytes for ./wifi settings.png
2018-07-30 06:43:41 +0000  copying file ./Frameworks/MQTTFramework.framework/_CodeSignature/CodeResources ... 
2018-07-30 06:43:41 +0000  2202 bytes for ./Frameworks/MQTTFramework.framework/_CodeSignature/CodeResources
2018-07-30 06:43:41 +0000  copying file ./Frameworks/MQTTFramework.framework/MQTTFramework ... 
2018-07-30 06:43:41 +0000  916352 bytes for ./Frameworks/MQTTFramework.framework/MQTTFramework
copying file ./Frameworks/MQTTFramework.framework/Info.plist ... 
2018-07-30 06:43:41 +0000  747 bytes for ./Frameworks/MQTTFramework.framework/Info.plist
2018-07-30 06:43:41 +0000  copying file ./WiFiSettingViewController.nib ... 
2018-07-30 06:43:41 +0000  4704 bytes for ./WiFiSettingViewController.nib
2018-07-30 06:43:41 +0000  copying file ./wps01_ffwd.png ... 
2018-07-30 06:43:41 +0000  22483 bytes for ./wps01_ffwd.png
copying file ./talk_off.png ... 
2018-07-30 06:43:41 +0000  6094 bytes for ./talk_off.png
copying file ./TL-icon-down.png ... 
2018-07-30 06:43:41 +0000  3120 bytes for ./TL-icon-down.png
2018-07-30 06:43:41 +0000  copying file ./slidemenu_copyright_white.png ... 
2018-07-30 06:43:41 +0000  5930 bytes for ./slidemenu_copyright_white.png
2018-07-30 06:43:41 +0000  copying file ./google.jpg ... 
2018-07-30 06:43:41 +0000  953 bytes for ./google.jpg
2018-07-30 06:43:41 +0000  copying file ./Google.png ... 
2018-07-30 06:43:41 +0000  9018 bytes for ./Google.png
2018-07-30 06:43:41 +0000  copying file ./embedded.mobileprovision ... 
2018-07-30 06:43:41 +0000  12234 bytes for ./embedded.mobileprovision
2018-07-30 06:43:41 +0000  copying file ./common_done.png ... 
2018-07-30 06:43:41 +0000  5543 bytes for ./common_done.png
copying file ./addcam-cam.png ... 
2018-07-30 06:43:41 +0000  6286 bytes for ./addcam-cam.png
2018-07-30 06:43:41 +0000  copying file ./common_settings.png ... 
2018-07-30 06:43:41 +0000  5360 bytes for ./common_settings.png
copying file ./addcam_wps_summary.png ... 
2018-07-30 06:43:41 +0000  12936 bytes for ./addcam_wps_summary.png
copying file ./camera_list_circle_green.png ... 
2018-07-30 06:43:41 +0000  7576 bytes for ./camera_list_circle_green.png
2018-07-30 06:43:41 +0000  copying file ./humidity.png ... 
2018-07-30 06:43:41 +0000  4967 bytes for ./humidity.png
copying file ./Default.png ... 
2018-07-30 06:43:41 +0000  21706 bytes for ./Default.png
2018-07-30 06:43:41 +0000  copying file ./TL-icon-up.png ... 
2018-07-30 06:43:41 +0000  3128 bytes for ./TL-icon-up.png
copying file ./live-button-snap.png ... 
2018-07-30 06:43:41 +0000  3510 bytes for ./live-button-snap.png
copying file ./privacy_off.png ... 
2018-07-30 06:43:41 +0000  4803 bytes for ./privacy_off.png
copying file ./eyeon-40.png ... 
2018-07-30 06:43:41 +0000  5389 bytes for ./eyeon-40.png
copying file ./AddCamWPS2VC.nib ... 
2018-07-30 06:43:41 +0000  3125 bytes for ./AddCamWPS2VC.nib
copying file ./Info.plist ... 
2018-07-30 06:43:41 +0000  2292 bytes for ./Info.plist
2018-07-30 06:43:41 +0000  copying file ./gigigaga01.png ... 
2018-07-30 06:43:41 +0000  23760 bytes for ./gigigaga01.png
copying file ./slidemenu_blue_line.png ... 
2018-07-30 06:43:41 +0000  3214 bytes for ./slidemenu_blue_line.png
copying file ./grayArrow@2x.png ... 
2018-07-30 06:43:41 +0000  1737 bytes for ./grayArrow@2x.png
2018-07-30 06:43:41 +0000  copying file ./slide-thumb-statement.png ... 
2018-07-30 06:43:41 +0000  4334 bytes for ./slide-thumb-statement.png
2018-07-30 06:43:41 +0000  copying file ./eyeon-114.png ... 
2018-07-30 06:43:41 +0000  8844 bytes for ./eyeon-114.png
2018-07-30 06:43:41 +0000  copying file ./common-icon-down.png ... 
2018-07-30 06:43:41 +0000  2998 bytes for ./common-icon-down.png
2018-07-30 06:43:41 +0000  copying file ./Launch Screen.nib ... 
2018-07-30 06:43:41 +0000  3882 bytes for ./Launch Screen.nib
2018-07-30 06:43:41 +0000  copying file ./PkgInfo ... 
2018-07-30 06:43:41 +0000  8 bytes for ./PkgInfo
2018-07-30 06:43:41 +0000  copying file ./addcam-flashing-green.png ... 
2018-07-30 06:43:41 +0000  6737 bytes for ./addcam-flashing-green.png
2018-07-30 06:43:41 +0000  copying file ./cammode_manual_white.png ... 
2018-07-30 06:43:41 +0000  4115 bytes for ./cammode_manual_white.png
copying file ./common_scenarioprofile.png ... 
2018-07-30 06:43:41 +0000  3329 bytes for ./common_scenarioprofile.png
copying file ./addcam-icon-green.png ... 
2018-07-30 06:43:41 +0000  7444 bytes for ./addcam-icon-green.png
copying file ./eyeon-57.png ... 
2018-07-30 06:43:41 +0000  5713 bytes for ./eyeon-57.png
2018-07-30 06:43:41 +0000  copying file ./gigigaga02.png ... 
2018-07-30 06:43:41 +0000  15277 bytes for ./gigigaga02.png
2018-07-30 06:43:41 +0000  2018-07-30 06:43:41 +0000  

2018-07-30 06:43:41 +0000  /usr/bin/ditto exited with 02018-07-30 06:43:41 +0000  

2018-07-30 06:43:41 +0000  2018-07-30 06:43:41 +0000  Processing step: IDEDistributionEmbedProfileStep

2018-07-30 06:43:41 +0000  Skipping profile for item: <IDEDistributionItem: 0x7fb2550e2e50 'org.owntracks.MQTTFramework' '<DVTFilePath:0x7fb25a7e62f0:'/Users/yuzongen/Library/Developer/Xcode/Archives/2018-07-30/openEyeOn 2018-7-30 下午2.33.xcarchive/Products/Applications/openEyeOn.app/Frameworks/MQTTFramework.framework'>'>
2018-07-30 06:43:41 +0000  Processing step: IDEDistributionAppThinningPlistStep
2018-07-30 06:43:41 +0000  Skipping step: IDEDistributionAppThinningPlistStep because it said so
2018-07-30 06:43:41 +0000  Processing step: IDEDistributionCompileBitcodeStep
2018-07-30 06:43:41 +0000  Skipping step: IDEDistributionCompileBitcodeStep because it said so
2018-07-30 06:43:41 +0000  Processing step: IDEDistributionCodeSlimmingStep
2018-07-30 06:43:41 +0000  Processing step: IDEDistributionCopyBCSymbolMapsStep
2018-07-30 06:43:41 +0000  Skipping step: IDEDistributionCopyBCSymbolMapsStep because it said so
2018-07-30 06:43:41 +0000  Skipping step: IDEDistributionCopyBCSymbolMapsStep because it said so
2018-07-30 06:43:41 +0000  Processing step: IDEDistributionSymbolsStep
2018-07-30 06:43:41 +0000  Skipping step: IDEDistributionSymbolsStep because it said so
2018-07-30 06:43:41 +0000  Skipping step: IDEDistributionSymbolsStep because it said so
2018-07-30 06:43:41 +0000  Processing step: IDEDistributionAppThinningStep
2018-07-30 06:43:41 +0000  Skipping step: IDEDistributionAppThinningStep because it said so
2018-07-30 06:43:41 +0000  Processing step: IDEDistributionODRStep
2018-07-30 06:43:41 +0000  Processing step: IDEDistributionStripXattrsStep
2018-07-30 06:43:41 +0000  Skipping stripping extended attributes of item: <IDEDistributionItem: 0x7fb2550e2e50 'org.owntracks.MQTTFramework' '<DVTFilePath:0x7fb25a7e62f0:'/Users/yuzongen/Library/Developer/Xcode/Archives/2018-07-30/openEyeOn 2018-7-30 下午2.33.xcarchive/Products/Applications/openEyeOn.app/Frameworks/MQTTFramework.framework'>'>
2018-07-30 06:43:41 +0000  Running /usr/bin/xattr '-crs' '/var/folders/gz/1xg6yp412cq6lqx4mjhyllnc0000gn/T/XcodeDistPipeline.O90/Root/Payload/openEyeOn.app'
2018-07-30 06:43:41 +0000  2018-07-30 06:43:41 +0000  

2018-07-30 06:43:41 +0000  /usr/bin/xattr exited with 0
2018-07-30 06:43:41 +0000  2018-07-30 06:43:41 +0000  

2018-07-30 06:43:41 +0000  Processing step: IDEDistributionCodesignStep
2018-07-30 06:43:41 +0000  Entitlements for <IDEDistributionItem: 0x7fb2550e2e50 'org.owntracks.MQTTFramework' '<DVTFilePath:0x7fb25a7e62f0:'/Users/yuzongen/Library/Developer/Xcode/Archives/2018-07-30/openEyeOn 2018-7-30 下午2.33.xcarchive/Products/Applications/openEyeOn.app/Frameworks/MQTTFramework.framework'>'>: {
}
2018-07-30 06:43:41 +0000  Writing entitlements for <IDEDistributionItem: 0x7fb2550e2e50 'org.owntracks.MQTTFramework' '<DVTFilePath:0x7fb25a7e62f0:'/Users/yuzongen/Library/Developer/Xcode/Archives/2018-07-30/openEyeOn 2018-7-30 下午2.33.xcarchive/Products/Applications/openEyeOn.app/Frameworks/MQTTFramework.framework'>'> to: /var/folders/gz/1xg6yp412cq6lqx4mjhyllnc0000gn/T/XcodeDistPipeline.O90/entitlementshfyWMq
2018-07-30 06:43:41 +0000  Running /usr/bin/codesign '-vvv' '--force' '--sign' 'C02E9757E0F993B11ADF0719E697359EF59984A5' '--preserve-metadata=identifier,flags' '--entitlements' '/var/folders/gz/1xg6yp412cq6lqx4mjhyllnc0000gn/T/XcodeDistPipeline.O90/entitlementshfyWMq' '/var/folders/gz/1xg6yp412cq6lqx4mjhyllnc0000gn/T/XcodeDistPipeline.O90/Root/Payload/openEyeOn.app/Frameworks/MQTTFramework.framework'
2018-07-30 06:43:41 +0000  /var/folders/gz/1xg6yp412cq6lqx4mjhyllnc0000gn/T/XcodeDistPipeline.O90/Root/Payload/openEyeOn.app/Frameworks/MQTTFramework.framework: replacing existing signature
2018-07-30 06:43:41 +0000  /var/folders/gz/1xg6yp412cq6lqx4mjhyllnc0000gn/T/XcodeDistPipeline.O90/Root/Payload/openEyeOn.app/Frameworks/MQTTFramework.framework: signed bundle with Mach-O universal (armv7 arm64) [org.owntracks.MQTTFramework]
2018-07-30 06:43:41 +0000  2018-07-30 06:43:41 +0000  

2018-07-30 06:43:41 +0000  /usr/bin/codesign exited with 02018-07-30 06:43:41 +0000  
2018-07-30 06:43:41 +0000  

2018-07-30 06:43:41 +0000  Entitlements for <IDEDistributionItem: 0x7fb243310450 'com.FFWDcam.cloudservice' '<DVTFilePath:0x7fb2515a3ea0:'/Users/yuzongen/Library/Developer/Xcode/Archives/2018-07-30/openEyeOn 2018-7-30 下午2.33.xcarchive/Products/Applications/openEyeOn.app'>'>: {
    "application-identifier" = "24W666RFSM.com.FFWDcam.cloudservice";
    "aps-environment" = development;
    "com.apple.developer.team-identifier" = 24W666RFSM;
    "get-task-allow" = 1;
    "inter-app-audio" = 1;
}
2018-07-30 06:43:41 +0000  Writing entitlements for <IDEDistributionItem: 0x7fb243310450 'com.FFWDcam.cloudservice' '<DVTFilePath:0x7fb2515a3ea0:'/Users/yuzongen/Library/Developer/Xcode/Archives/2018-07-30/openEyeOn 2018-7-30 下午2.33.xcarchive/Products/Applications/openEyeOn.app'>'> to: /var/folders/gz/1xg6yp412cq6lqx4mjhyllnc0000gn/T/XcodeDistPipeline.O90/entitlementskYjx4G
2018-07-30 06:43:41 +0000  Running /usr/bin/codesign '-vvv' '--force' '--sign' 'C02E9757E0F993B11ADF0719E697359EF59984A5' '--preserve-metadata=identifier,flags' '--entitlements' '/var/folders/gz/1xg6yp412cq6lqx4mjhyllnc0000gn/T/XcodeDistPipeline.O90/entitlementskYjx4G' '/var/folders/gz/1xg6yp412cq6lqx4mjhyllnc0000gn/T/XcodeDistPipeline.O90/Root/Payload/openEyeOn.app'
2018-07-30 06:43:42 +0000  /var/folders/gz/1xg6yp412cq6lqx4mjhyllnc0000gn/T/XcodeDistPipeline.O90/Root/Payload/openEyeOn.app: replacing existing signature
2018-07-30 06:43:42 +0000  /var/folders/gz/1xg6yp412cq6lqx4mjhyllnc0000gn/T/XcodeDistPipeline.O90/Root/Payload/openEyeOn.app: signed app bundle with Mach-O universal (armv7 arm64) [com.FFWDcam.cloudservice]
2018-07-30 06:43:42 +0000  
2018-07-30 06:43:42 +0000  
2018-07-30 06:43:42 +0000  2018-07-30 06:43:42 +0000  /usr/bin/codesign exited with 0

2018-07-30 06:43:42 +0000  
2018-07-30 06:43:42 +0000  Processing step: IDEDistributionStreamingZipItemStep
2018-07-30 06:43:42 +0000  Skipping step: IDEDistributionStreamingZipItemStep because it said so
2018-07-30 06:43:42 +0000  Skipping step: IDEDistributionStreamingZipItemStep because it said so
2018-07-30 06:43:42 +0000  Processing step: IDEDistributionCreateIPAStep
2018-07-30 06:43:42 +0000  Running /usr/bin/ditto '-V' '-c' '-k' '--norsrc' '/var/folders/gz/1xg6yp412cq6lqx4mjhyllnc0000gn/T/XcodeDistPipeline.O90/Root' '/var/folders/gz/1xg6yp412cq6lqx4mjhyllnc0000gn/T/XcodeDistPipeline.O90/Packages/openEyeOn.ipa'
2018-07-30 06:43:42 +0000  >>> Copying /var/folders/gz/1xg6yp412cq6lqx4mjhyllnc0000gn/T/XcodeDistPipeline.O90/Root 
2018-07-30 06:43:42 +0000  copying file ./Payload/openEyeOn.app/_CodeSignature/CodeResources ... 
2018-07-30 06:43:42 +0000  63314 bytes for ./Payload/openEyeOn.app/_CodeSignature/CodeResources
copying file ./Payload/openEyeOn.app/slidemenu_logout.png ... 
2018-07-30 06:43:42 +0000  3979 bytes for ./Payload/openEyeOn.app/slidemenu_logout.png
copying file ./Payload/openEyeOn.app/TL-button-record.png ... 
2018-07-30 06:43:42 +0000  3403 bytes for ./Payload/openEyeOn.app/TL-button-record.png
copying file ./Payload/openEyeOn.app/green-light.png ... 
2018-07-30 06:43:42 +0000  2947 bytes for ./Payload/openEyeOn.app/green-light.png
copying file ./Payload/openEyeOn.app/cameradetail_setting_notice.png ... 
2018-07-30 06:43:42 +0000  1800 bytes for ./Payload/openEyeOn.app/cameradetail_setting_notice.png
copying file ./Payload/openEyeOn.app/recording_on.png ... 
2018-07-30 06:43:42 +0000  4835 bytes for ./Payload/openEyeOn.app/recording_on.png
copying file ./Payload/openEyeOn.app/slide-thumb-public.png ... 
2018-07-30 06:43:42 +0000  1627 bytes for ./Payload/openEyeOn.app/slide-thumb-public.png
copying file ./Payload/openEyeOn.app/slidemenu_intro_white.png ... 
5358 bytes for ./Payload/openEyeOn.app/slidemenu_intro_white.png
copying file ./Payload/openEyeOn.app/detail-setting.png ... 
2018-07-30 06:43:42 +0000  4863 bytes for ./Payload/openEyeOn.app/detail-setting.png
copying file ./Payload/openEyeOn.app/blackArrow.png ... 
2018-07-30 06:43:42 +0000  3799 bytes for ./Payload/openEyeOn.app/blackArrow.png
2018-07-30 06:43:42 +0000  copying file ./Payload/openEyeOn.app/ja.lproj/Localizable.strings ... 
42 bytes for ./Payload/openEyeOn.app/ja.lproj/Localizable.strings
copying file ./Payload/openEyeOn.app/wps04_ffwd.png ... 
2018-07-30 06:43:42 +0000  15871 bytes for ./Payload/openEyeOn.app/wps04_ffwd.png
copying file ./Payload/openEyeOn.app/slidemenu_feedback_white.png ... 
2018-07-30 06:43:42 +0000  3901 bytes for ./Payload/openEyeOn.app/slidemenu_feedback_white.png
copying file ./Payload/openEyeOn.app/wps05_ffwd.png ... 
2018-07-30 06:43:42 +0000  14423 bytes for ./Payload/openEyeOn.app/wps05_ffwd.png
2018-07-30 06:43:42 +0000  copying file ./Payload/openEyeOn.app/talk_on.png ... 
5352 bytes for ./Payload/openEyeOn.app/talk_on.png
copying file ./Payload/openEyeOn.app/liveview_timelapse_gray.png ... 
2018-07-30 06:43:42 +0000  11867 bytes for ./Payload/openEyeOn.app/liveview_timelapse_gray.png
2018-07-30 06:43:42 +0000  copying file ./Payload/openEyeOn.app/privacy_on.png ... 
2018-07-30 06:43:42 +0000  4793 bytes for ./Payload/openEyeOn.app/privacy_on.png
copying file ./Payload/openEyeOn.app/camera_list_eventlist.png ... 
2018-07-30 06:43:42 +0000  767 bytes for ./Payload/openEyeOn.app/camera_list_eventlist.png
2018-07-30 06:43:42 +0000  copying file ./Payload/openEyeOn.app/AddSharedCamScrollVC.nib ... 
2018-07-30 06:43:42 +0000  1525 bytes for ./Payload/openEyeOn.app/AddSharedCamScrollVC.nib
copying file ./Payload/openEyeOn.app/en.lproj/Localizable.strings ... 
42 bytes for ./Payload/openEyeOn.app/en.lproj/Localizable.strings
copying file ./Payload/openEyeOn.app/en.lproj/FirstTimeConsentVC.nib ... 
2018-07-30 06:43:42 +0000  3411 bytes for ./Payload/openEyeOn.app/en.lproj/FirstTimeConsentVC.nib
2018-07-30 06:43:42 +0000  copying file ./Payload/openEyeOn.app/en.lproj/CoconutViewController_iPad.nib ... 
943 bytes for ./Payload/openEyeOn.app/en.lproj/CoconutViewController_iPad.nib
copying file ./Payload/openEyeOn.app/en.lproj/CoconutViewController_iPhone.nib ... 
2018-07-30 06:43:42 +0000  1392 bytes for ./Payload/openEyeOn.app/en.lproj/CoconutViewController_iPhone.nib
copying file ./Payload/openEyeOn.app/common-icon-share.png ... 
2018-07-30 06:43:42 +0000  3051 bytes for ./Payload/openEyeOn.app/common-icon-share.png
copying file ./Payload/openEyeOn.app/wifi_wps.png ... 
2018-07-30 06:43:42 +0000  15804 bytes for ./Payload/openEyeOn.app/wifi_wps.png
copying file ./Payload/openEyeOn.app/cammode_pet_white.png ... 
2018-07-30 06:43:42 +0000  5805 bytes for ./Payload/openEyeOn.app/cammode_pet_white.png
copying file ./Payload/openEyeOn.app/AppIcon57x57.png ... 
2018-07-30 06:43:42 +0000  4996 bytes for ./Payload/openEyeOn.app/AppIcon57x57.png
2018-07-30 06:43:42 +0000  copying file ./Payload/openEyeOn.app/cameradetail_arrowright.png ... 
2018-07-30 06:43:42 +0000  3627 bytes for ./Payload/openEyeOn.app/cameradetail_arrowright.png
2018-07-30 06:43:42 +0000  copying file ./Payload/openEyeOn.app/cameradetail_download.png ... 
2018-07-30 06:43:42 +0000  3797 bytes for ./Payload/openEyeOn.app/cameradetail_download.png
copying file ./Payload/openEyeOn.app/zbar-helpicons.png ... 
2018-07-30 06:43:42 +0000  22384 bytes for ./Payload/openEyeOn.app/zbar-helpicons.png
copying file ./Payload/openEyeOn.app/DVRPlaybackViewController.nib ... 
2018-07-30 06:43:42 +0000  4834 bytes for ./Payload/openEyeOn.app/DVRPlaybackViewController.nib
copying file ./Payload/openEyeOn.app/slidemenu_intro.png ... 
2018-07-30 06:43:42 +0000  5296 bytes for ./Payload/openEyeOn.app/slidemenu_intro.png
copying file ./Payload/openEyeOn.app/addcam-right-arrow.png ... 
2018-07-30 06:43:42 +0000  3618 bytes for ./Payload/openEyeOn.app/addcam-right-arrow.png
copying file ./Payload/openEyeOn.app/add-cam-left-arrow.png ... 
2018-07-30 06:43:42 +0000  3624 bytes for ./Payload/openEyeOn.app/add-cam-left-arrow.png
copying file ./Payload/openEyeOn.app/zbar-samples.png ... 
2018-07-30 06:43:42 +0000  1312 bytes for ./Payload/openEyeOn.app/zbar-samples.png
copying file ./Payload/openEyeOn.app/blueArrow@2x.png ... 
894 bytes for ./Payload/openEyeOn.app/blueArrow@2x.png
copying file ./Payload/openEyeOn.app/addcam-left-arrow2.png ... 
2018-07-30 06:43:42 +0000  3238 bytes for ./Payload/openEyeOn.app/addcam-left-arrow2.png
copying file ./Payload/openEyeOn.app/common_whiteline.png ... 
2018-07-30 06:43:42 +0000  2847 bytes for ./Payload/openEyeOn.app/common_whiteline.png
copying file ./Payload/openEyeOn.app/cameradetail_arrowright_blue.png ... 
2018-07-30 06:43:42 +0000  3559 bytes for ./Payload/openEyeOn.app/cameradetail_arrowright_blue.png
copying file ./Payload/openEyeOn.app/grayArrow.png ... 
1077 bytes for ./Payload/openEyeOn.app/grayArrow.png
2018-07-30 06:43:42 +0000  copying file ./Payload/openEyeOn.app/cammode_lego_white.png ... 
2018-07-30 06:43:42 +0000  5161 bytes for ./Payload/openEyeOn.app/cammode_lego_white.png
copying file ./Payload/openEyeOn.app/AppIcon29x29.png ... 
2018-07-30 06:43:42 +0000  4096 bytes for ./Payload/openEyeOn.app/AppIcon29x29.png
copying file ./Payload/openEyeOn.app/common_arrowback.png ... 
2018-07-30 06:43:42 +0000  3294 bytes for ./Payload/openEyeOn.app/common_arrowback.png
copying file ./Payload/openEyeOn.app/whiteArrow@2x.png ... 
2018-07-30 06:43:42 +0000  869 bytes for ./Payload/openEyeOn.app/whiteArrow@2x.png
copying file ./Payload/openEyeOn.app/listen_on.png ... 
2018-07-30 06:43:42 +0000  3528 bytes for ./Payload/openEyeOn.app/listen_on.png
copying file ./Payload/openEyeOn.app/live-button-speaker.png ... 
3038 bytes for ./Payload/openEyeOn.app/live-button-speaker.png
copying file ./Payload/openEyeOn.app/cammode_quickstart.png ... 
2018-07-30 06:43:42 +0000  4925 bytes for ./Payload/openEyeOn.app/cammode_quickstart.png
copying file ./Payload/openEyeOn.app/cammode_lego.png ... 
2018-07-30 06:43:42 +0000  5109 bytes for ./Payload/openEyeOn.app/cammode_lego.png
copying file ./Payload/openEyeOn.app/camera_list_circle_gray.png ... 
2018-07-30 06:43:42 +0000  7592 bytes for ./Payload/openEyeOn.app/camera_list_circle_gray.png
copying file ./Payload/openEyeOn.app/AppIcon60x60@2x.png ... 
2018-07-30 06:43:42 +0000  9899 bytes for ./Payload/openEyeOn.app/AppIcon60x60@2x.png
2018-07-30 06:43:42 +0000  copying file ./Payload/openEyeOn.app/cammode_quickstart_white.png ... 
4976 bytes for ./Payload/openEyeOn.app/cammode_quickstart_white.png
copying file ./Payload/openEyeOn.app/addcam-flashing-red.png ... 
2018-07-30 06:43:42 +0000  4295 bytes for ./Payload/openEyeOn.app/addcam-flashing-red.png
copying file ./Payload/openEyeOn.app/liveview_tl_on.png ... 
2018-07-30 06:43:42 +0000  2349 bytes for ./Payload/openEyeOn.app/liveview_tl_on.png
copying file ./Payload/openEyeOn.app/snapshot.png ... 
2018-07-30 06:43:42 +0000  5825 bytes for ./Payload/openEyeOn.app/snapshot.png
copying file ./Payload/openEyeOn.app/green-breath-light2.png ... 
2018-07-30 06:43:42 +0000  2739 bytes for ./Payload/openEyeOn.app/green-breath-light2.png
copying file ./Payload/openEyeOn.app/slide-thumb-public1.png ... 
2018-07-30 06:43:42 +0000  4376 bytes for ./Payload/openEyeOn.app/slide-thumb-public1.png
copying file ./Payload/openEyeOn.app/cammode_instagram_white.png ... 
2018-07-30 06:43:42 +0000  4114 bytes for ./Payload/openEyeOn.app/cammode_instagram_white.png
copying file ./Payload/openEyeOn.app/include/CocoLiveViewPlayer/UtilPlayer.h ... 
2018-07-30 06:43:42 +0000  3177 bytes for ./Payload/openEyeOn.app/include/CocoLiveViewPlayer/UtilPlayer.h
copying file ./Payload/openEyeOn.app/include/CocoLiveViewPlayer/CocoLiveViewPlayer.h ... 
2018-07-30 06:43:42 +0000  4982 bytes for ./Payload/openEyeOn.app/include/CocoLiveViewPlayer/CocoLiveViewPlayer.h
2018-07-30 06:43:42 +0000  copying file ./Payload/openEyeOn.app/include/CocoTalk/CocoTalk.h ... 
2018-07-30 06:43:42 +0000  18353 bytes for ./Payload/openEyeOn.app/include/CocoTalk/CocoTalk.h
copying file ./Payload/openEyeOn.app/include/CocoTalk/CocoClient.h ... 
2018-07-30 06:43:42 +0000  11543 bytes for ./Payload/openEyeOn.app/include/CocoTalk/CocoClient.h
copying file ./Payload/openEyeOn.app/include/CocoTalk/GCDAsyncUdpSocket.h ... 
2018-07-30 06:43:42 +0000  45546 bytes for ./Payload/openEyeOn.app/include/CocoTalk/GCDAsyncUdpSocket.h
copying file ./Payload/openEyeOn.app/include/CocoTalk/CocoUPnP.h ... 
2018-07-30 06:43:42 +0000  1155 bytes for ./Payload/openEyeOn.app/include/CocoTalk/CocoUPnP.h
copying file ./Payload/openEyeOn.app/include/CocoTalk/GCDAsyncSocket.h ... 
2018-07-30 06:43:42 +0000  60011 bytes for ./Payload/openEyeOn.app/include/CocoTalk/GCDAsyncSocket.h
2018-07-30 06:43:42 +0000  copying file ./Payload/openEyeOn.app/AppIcon29x29@2x.png ... 
4968 bytes for ./Payload/openEyeOn.app/AppIcon29x29@2x.png
copying file ./Payload/openEyeOn.app/cameradetail_stop_blue.png ... 
2018-07-30 06:43:42 +0000  6327 bytes for ./Payload/openEyeOn.app/cameradetail_stop_blue.png
copying file ./Payload/openEyeOn.app/zbar-help.html ... 
2018-07-30 06:43:42 +0000  3383 bytes for ./Payload/openEyeOn.app/zbar-help.html
copying file ./Payload/openEyeOn.app/AddUIDOptionsVC.nib ... 
2018-07-30 06:43:42 +0000  4676 bytes for ./Payload/openEyeOn.app/AddUIDOptionsVC.nib
copying file ./Payload/openEyeOn.app/AddCamWiFiDir2.nib ... 
2018-07-30 06:43:42 +0000  2285 bytes for ./Payload/openEyeOn.app/AddCamWiFiDir2.nib
copying file ./Payload/openEyeOn.app/live-button-ir.png ... 
2018-07-30 06:43:42 +0000  3589 bytes for ./Payload/openEyeOn.app/live-button-ir.png
copying file ./Payload/openEyeOn.app/addcam-share-mail.png ... 
2018-07-30 06:43:42 +0000  58254 bytes for ./Payload/openEyeOn.app/addcam-share-mail.png
copying file ./Payload/openEyeOn.app/slidemenu_feedback.png ... 
2018-07-30 06:43:42 +0000  3982 bytes for ./Payload/openEyeOn.app/slidemenu_feedback.png
copying file ./Payload/openEyeOn.app/CreateAccountVC.nib ... 
2018-07-30 06:43:42 +0000  5234 bytes for ./Payload/openEyeOn.app/CreateAccountVC.nib
copying file ./Payload/openEyeOn.app/green-breath-light 拷貝 2.png ... 
2018-07-30 06:43:42 +0000  4762 bytes for ./Payload/openEyeOn.app/green-breath-light 拷貝 2.png
copying file ./Payload/openEyeOn.app/AppIcon57x57@2x.png ... 
2018-07-30 06:43:42 +0000  7291 bytes for ./Payload/openEyeOn.app/AppIcon57x57@2x.png
copying file ./Payload/openEyeOn.app/common_button_frame.png ... 
2018-07-30 06:43:42 +0000  3638 bytes for ./Payload/openEyeOn.app/common_button_frame.png
copying file ./Payload/openEyeOn.app/addcam-QR-transparent.png ... 
2018-07-30 06:43:42 +0000  5828 bytes for ./Payload/openEyeOn.app/addcam-QR-transparent.png
copying file ./Payload/openEyeOn.app/cameradetail_stop.png ... 
2018-07-30 06:43:42 +0000  6137 bytes for ./Payload/openEyeOn.app/cameradetail_stop.png
copying file ./Payload/openEyeOn.app/green-breath-light1.png ... 
2018-07-30 06:43:42 +0000  2723 bytes for ./Payload/openEyeOn.app/green-breath-light1.png
copying file ./Payload/openEyeOn.app/common_arrowleft.png ... 
2018-07-30 06:43:42 +0000  3308 bytes for ./Payload/openEyeOn.app/common_arrowleft.png
copying file ./Payload/openEyeOn.app/addcam-up-arrow.png ... 
2018-07-30 06:43:42 +0000  3326 bytes for ./Payload/openEyeOn.app/addcam-up-arrow.png
copying file ./Payload/openEyeOn.app/AppIcon29x29~ipad.png ... 
2018-07-30 06:43:42 +0000  4096 bytes for ./Payload/openEyeOn.app/AppIcon29x29~ipad.png
copying file ./Payload/openEyeOn.app/CocoEventViewCtlr.nib ... 
2018-07-30 06:43:42 +0000  1518 bytes for ./Payload/openEyeOn.app/CocoEventViewCtlr.nib
copying file ./Payload/openEyeOn.app/AppIcon40x40@2x.png ... 
2018-07-30 06:43:42 +0000  6731 bytes for ./Payload/openEyeOn.app/AppIcon40x40@2x.png
copying file ./Payload/openEyeOn.app/TL-icon-play.png ... 
2018-07-30 06:43:42 +0000  4027 bytes for ./Payload/openEyeOn.app/TL-icon-play.png
copying file ./Payload/openEyeOn.app/gray-light.png ... 
2018-07-30 06:43:42 +0000  2943 bytes for ./Payload/openEyeOn.app/gray-light.png
copying file ./Payload/openEyeOn.app/wps03_ffwd.png ... 
2018-07-30 06:43:42 +0000  31794 bytes for ./Payload/openEyeOn.app/wps03_ffwd.png
copying file ./Payload/openEyeOn.app/wps02_ffwd.png ... 
2018-07-30 06:43:42 +0000  18950 bytes for ./Payload/openEyeOn.app/wps02_ffwd.png
copying file ./Payload/openEyeOn.app/TL-icon-failed.png ... 
2018-07-30 06:43:42 +0000  5877 bytes for ./Payload/openEyeOn.app/TL-icon-failed.png
copying file ./Payload/openEyeOn.app/addcam_wps_done.png ... 
2018-07-30 06:43:42 +0000  1922 bytes for ./Payload/openEyeOn.app/addcam_wps_done.png
copying file ./Payload/openEyeOn.app/zbar-back.png ... 
319 bytes for ./Payload/openEyeOn.app/zbar-back.png
2018-07-30 06:43:42 +0000  copying file ./Payload/openEyeOn.app/btFB.png ... 
2901 bytes for ./Payload/openEyeOn.app/btFB.png
copying file ./Payload/openEyeOn.app/addcam-flashing-blue.png ... 
2018-07-30 06:43:42 +0000  6703 bytes for ./Payload/openEyeOn.app/addcam-flashing-blue.png
2018-07-30 06:43:42 +0000  copying file ./Payload/openEyeOn.app/addcam-icon-blue.png ... 
2018-07-30 06:43:42 +0000  6614 bytes for ./Payload/openEyeOn.app/addcam-icon-blue.png
copying file ./Payload/openEyeOn.app/recording_off.png ... 
2018-07-30 06:43:42 +0000  5381 bytes for ./Payload/openEyeOn.app/recording_off.png
copying file ./Payload/openEyeOn.app/statement-title.png ... 
2018-07-30 06:43:42 +0000  7471 bytes for ./Payload/openEyeOn.app/statement-title.png
2018-07-30 06:43:42 +0000  copying file ./Payload/openEyeOn.app/temperature.png ... 
4430 bytes for ./Payload/openEyeOn.app/temperature.png
2018-07-30 06:43:42 +0000  copying file ./Payload/openEyeOn.app/slide-thumb-live.png ... 
4860 bytes for ./Payload/openEyeOn.app/slide-thumb-live.png
copying file ./Payload/openEyeOn.app/cammode_kitchen_white.png ... 
2018-07-30 06:43:42 +0000  4189 bytes for ./Payload/openEyeOn.app/cammode_kitchen_white.png
copying file ./Payload/openEyeOn.app/slide-thumb-feedback.png ... 
2018-07-30 06:43:42 +0000  4526 bytes for ./Payload/openEyeOn.app/slide-thumb-feedback.png
copying file ./Payload/openEyeOn.app/zh-Hant.lproj/Localizable.strings ... 
2018-07-30 06:43:42 +0000  42 bytes for ./Payload/openEyeOn.app/zh-Hant.lproj/Localizable.strings
copying file ./Payload/openEyeOn.app/zh-Hant.lproj/FirstTimeConsentVC.nib ... 
2018-07-30 06:43:42 +0000  3420 bytes for ./Payload/openEyeOn.app/zh-Hant.lproj/FirstTimeConsentVC.nib
copying file ./Payload/openEyeOn.app/zh-Hant.lproj/CoconutViewController_iPad.nib ... 
2018-07-30 06:43:42 +0000  943 bytes for ./Payload/openEyeOn.app/zh-Hant.lproj/CoconutViewController_iPad.nib
copying file ./Payload/openEyeOn.app/zh-Hant.lproj/CoconutViewController_iPhone.nib ... 
2018-07-30 06:43:42 +0000  1392 bytes for ./Payload/openEyeOn.app/zh-Hant.lproj/CoconutViewController_iPhone.nib
copying file ./Payload/openEyeOn.app/camera_list_circle_yellow animation.png ... 
2018-07-30 06:43:42 +0000  9220 bytes for ./Payload/openEyeOn.app/camera_list_circle_yellow animation.png
copying file ./Payload/openEyeOn.app/green-breath-light.png ... 
2018-07-30 06:43:42 +0000  1858 bytes for ./Payload/openEyeOn.app/green-breath-light.png
copying file ./Payload/openEyeOn.app/splash_background.png ... 
2018-07-30 06:43:42 +0000  733621 bytes for ./Payload/openEyeOn.app/splash_background.png
copying file ./Payload/openEyeOn.app/default_thumb.png ... 
2018-07-30 06:43:42 +0000  2348 bytes for ./Payload/openEyeOn.app/default_thumb.png
copying file ./Payload/openEyeOn.app/cameradetail_play_blue.png ... 
6750 bytes for ./Payload/openEyeOn.app/cameradetail_play_blue.png
copying file ./Payload/openEyeOn.app/cammode_pet.png ... 
2018-07-30 06:43:42 +0000  5648 bytes for ./Payload/openEyeOn.app/cammode_pet.png
copying file ./Payload/openEyeOn.app/addcam-friend-shared.png ... 
2018-07-30 06:43:42 +0000  5802 bytes for ./Payload/openEyeOn.app/addcam-friend-shared.png
copying file ./Payload/openEyeOn.app/common_reddot.png ... 
2018-07-30 06:43:42 +0000  4579 bytes for ./Payload/openEyeOn.app/common_reddot.png
copying file ./Payload/openEyeOn.app/common_slidemenu.png ... 
2018-07-30 06:43:42 +0000  3172 bytes for ./Payload/openEyeOn.app/common_slidemenu.png
copying file ./Payload/openEyeOn.app/common_edit.png ... 
2018-07-30 06:43:42 +0000  4405 bytes for ./Payload/openEyeOn.app/common_edit.png
copying file ./Payload/openEyeOn.app/AddSharedCam1VC.nib ... 
2018-07-30 06:43:42 +0000  3125 bytes for ./Payload/openEyeOn.app/AddSharedCam1VC.nib
copying file ./Payload/openEyeOn.app/camera-click.wav ... 
2018-07-30 06:43:42 +0000  235640 bytes for ./Payload/openEyeOn.app/camera-click.wav
copying file ./Payload/openEyeOn.app/slidemenu_copyright.png ... 
2018-07-30 06:43:42 +0000  5789 bytes for ./Payload/openEyeOn.app/slidemenu_copyright.png
copying file ./Payload/openEyeOn.app/AddCamScrollVC.nib ... 
2018-07-30 06:43:42 +0000  1254 bytes for ./Payload/openEyeOn.app/AddCamScrollVC.nib
copying file ./Payload/openEyeOn.app/siren_on.png ... 
2018-07-30 06:43:42 +0000  5111 bytes for ./Payload/openEyeOn.app/siren_on.png
copying file ./Payload/openEyeOn.app/whiteArrow.png ... 
2018-07-30 06:43:42 +0000  4011 bytes for ./Payload/openEyeOn.app/whiteArrow.png
copying file ./Payload/openEyeOn.app/siren_off.png ... 
2018-07-30 06:43:42 +0000  5911 bytes for ./Payload/openEyeOn.app/siren_off.png
copying file ./Payload/openEyeOn.app/CamShareViewController.nib ... 
2018-07-30 06:43:42 +0000  3942 bytes for ./Payload/openEyeOn.app/CamShareViewController.nib
copying file ./Payload/openEyeOn.app/slide-button.png ... 
2018-07-30 06:43:42 +0000  3069 bytes for ./Payload/openEyeOn.app/slide-button.png
copying file ./Payload/openEyeOn.app/Default-568h@2x.png ... 
2018-07-30 06:43:42 +0000  23014 bytes for ./Payload/openEyeOn.app/Default-568h@2x.png
2018-07-30 06:43:42 +0000  copying file ./Payload/openEyeOn.app/Assets.car ... 
2018-07-30 06:43:42 +0000  484664 bytes for ./Payload/openEyeOn.app/Assets.car
copying file ./Payload/openEyeOn.app/addcam-lighting-blue.png ... 
2018-07-30 06:43:42 +0000  6981 bytes for ./Payload/openEyeOn.app/addcam-lighting-blue.png
copying file ./Payload/openEyeOn.app/AppIcon40x40@2x~ipad.png ... 
6731 bytes for ./Payload/openEyeOn.app/AppIcon40x40@2x~ipad.png
copying file ./Payload/openEyeOn.app/TL-icon-stop.png ... 
2018-07-30 06:43:42 +0000  3886 bytes for ./Payload/openEyeOn.app/TL-icon-stop.png
copying file ./Payload/openEyeOn.app/listen_off.png ... 
2018-07-30 06:43:42 +0000  4116 bytes for ./Payload/openEyeOn.app/listen_off.png
copying file ./Payload/openEyeOn.app/cammode_instagram.png ... 
2018-07-30 06:43:42 +0000  4181 bytes for ./Payload/openEyeOn.app/cammode_instagram.png
copying file ./Payload/openEyeOn.app/LoginViewController.nib ... 
2018-07-30 06:43:42 +0000  4993 bytes for ./Payload/openEyeOn.app/LoginViewController.nib
copying file ./Payload/openEyeOn.app/cameradetail_download_blue.png ... 
2018-07-30 06:43:42 +0000  3754 bytes for ./Payload/openEyeOn.app/cameradetail_download_blue.png
copying file ./Payload/openEyeOn.app/liveview_tl_off.png ... 
2018-07-30 06:43:42 +0000  3280 bytes for ./Payload/openEyeOn.app/liveview_tl_off.png
copying file ./Payload/openEyeOn.app/blackArrow@2x.png ... 
2018-07-30 06:43:42 +0000  593 bytes for ./Payload/openEyeOn.app/blackArrow@2x.png
copying file ./Payload/openEyeOn.app/AddCamWPS1VC.nib ... 
2018-07-30 06:43:42 +0000  3153 bytes for ./Payload/openEyeOn.app/AddCamWPS1VC.nib
copying file ./Payload/openEyeOn.app/cameradetail_play.png ... 
2018-07-30 06:43:42 +0000  6522 bytes for ./Payload/openEyeOn.app/cameradetail_play.png
copying file ./Payload/openEyeOn.app/liveview_timelapse.png ... 
2018-07-30 06:43:42 +0000  10061 bytes for ./Payload/openEyeOn.app/liveview_timelapse.png
copying file ./Payload/openEyeOn.app/liveview_snapshot.png ... 
2018-07-30 06:43:42 +0000  4975 bytes for ./Payload/openEyeOn.app/liveview_snapshot.png
copying file ./Payload/openEyeOn.app/openEyeOn ... 
2018-07-30 06:43:42 +0000  7460560 bytes for ./Payload/openEyeOn.app/openEyeOn
2018-07-30 06:43:42 +0000  copying file ./Payload/openEyeOn.app/live-panel.png ... 
3784 bytes for ./Payload/openEyeOn.app/live-panel.png
copying file ./Payload/openEyeOn.app/cameradetail_setting.png ... 
1521 bytes for ./Payload/openEyeOn.app/cameradetail_setting.png
copying file ./Payload/openEyeOn.app/WiFiStatusViewController.nib ... 
3551 bytes for ./Payload/openEyeOn.app/WiFiStatusViewController.nib
copying file ./Payload/openEyeOn.app/camera_list_circle_yellow.png ... 
7612 bytes for ./Payload/openEyeOn.app/camera_list_circle_yellow.png
copying file ./Payload/openEyeOn.app/AddCamCable1VC.nib ... 
3000 bytes for ./Payload/openEyeOn.app/AddCamCable1VC.nib
copying file ./Payload/openEyeOn.app/cammode_manual.png ... 
4158 bytes for ./Payload/openEyeOn.app/cammode_manual.png
copying file ./Payload/openEyeOn.app/live-button-speakeroff.png ... 
2018-07-30 06:43:42 +0000  3327 bytes for ./Payload/openEyeOn.app/live-button-speakeroff.png
copying file ./Payload/openEyeOn.app/AddCamWPS3VC.nib ... 
2018-07-30 06:43:42 +0000  3105 bytes for ./Payload/openEyeOn.app/AddCamWPS3VC.nib
copying file ./Payload/openEyeOn.app/slidemenu_camera.png ... 
2018-07-30 06:43:42 +0000  6373 bytes for ./Payload/openEyeOn.app/slidemenu_camera.png
2018-07-30 06:43:42 +0000  copying file ./Payload/openEyeOn.app/cammode_kitchen.png ... 
2018-07-30 06:43:42 +0000  4161 bytes for ./Payload/openEyeOn.app/cammode_kitchen.png
copying file ./Payload/openEyeOn.app/slide-thumb-manual.png ... 
2018-07-30 06:43:42 +0000  4578 bytes for ./Payload/openEyeOn.app/slide-thumb-manual.png
copying file ./Payload/openEyeOn.app/cable02.png ... 
2018-07-30 06:43:42 +0000  27249 bytes for ./Payload/openEyeOn.app/cable02.png
copying file ./Payload/openEyeOn.app/AddCamOptionsVC.nib ... 
2018-07-30 06:43:42 +0000  2851 bytes for ./Payload/openEyeOn.app/AddCamOptionsVC.nib
copying file ./Payload/openEyeOn.app/slidemenu_camera_white.png ... 
2018-07-30 06:43:42 +0000  6523 bytes for ./Payload/openEyeOn.app/slidemenu_camera_white.png
copying file ./Payload/openEyeOn.app/AddCamWiFiDir.nib ... 
2018-07-30 06:43:42 +0000  2310 bytes for ./Payload/openEyeOn.app/AddCamWiFiDir.nib
copying file ./Payload/openEyeOn.app/addcam-plug.png ... 
2018-07-30 06:43:42 +0000  3947 bytes for ./Payload/openEyeOn.app/addcam-plug.png
copying file ./Payload/openEyeOn.app/wps06.png ... 
2018-07-30 06:43:42 +0000  21263 bytes for ./Payload/openEyeOn.app/wps06.png
copying file ./Payload/openEyeOn.app/slidemenu_logout_white.png ... 
2018-07-30 06:43:42 +0000  3912 bytes for ./Payload/openEyeOn.app/slidemenu_logout_white.png
copying file ./Payload/openEyeOn.app/blueArrow.png ... 
2018-07-30 06:43:42 +0000  4175 bytes for ./Payload/openEyeOn.app/blueArrow.png
copying file ./Payload/openEyeOn.app/TL-icon-succeeded.png ... 
2018-07-30 06:43:42 +0000  5500 bytes for ./Payload/openEyeOn.app/TL-icon-succeeded.png
copying file ./Payload/openEyeOn.app/cable03.png ... 
2018-07-30 06:43:42 +0000  14682 bytes for ./Payload/openEyeOn.app/cable03.png
copying file ./Payload/openEyeOn.app/red-light.png ... 
2018-07-30 06:43:42 +0000  3069 bytes for ./Payload/openEyeOn.app/red-light.png
copying file ./Payload/openEyeOn.app/addcam-QR.png ... 
2018-07-30 06:43:42 +0000  6832 bytes for ./Payload/openEyeOn.app/addcam-QR.png
copying file ./Payload/openEyeOn.app/cable01.png ... 
2018-07-30 06:43:42 +0000  23205 bytes for ./Payload/openEyeOn.app/cable01.png
copying file ./Payload/openEyeOn.app/camera_list_arrowright.png ... 
2018-07-30 06:43:42 +0000  3651 bytes for ./Payload/openEyeOn.app/camera_list_arrowright.png
copying file ./Payload/openEyeOn.app/camera_list_add_camera.png ... 
2018-07-30 06:43:42 +0000  8103 bytes for ./Payload/openEyeOn.app/camera_list_add_camera.png
copying file ./Payload/openEyeOn.app/wifi settings.png ... 
2018-07-30 06:43:42 +0000  20026 bytes for ./Payload/openEyeOn.app/wifi settings.png
2018-07-30 06:43:42 +0000  copying file ./Payload/openEyeOn.app/Frameworks/MQTTFramework.framework/_CodeSignature/CodeResources ... 
2018-07-30 06:43:42 +0000  2202 bytes for ./Payload/openEyeOn.app/Frameworks/MQTTFramework.framework/_CodeSignature/CodeResources
copying file ./Payload/openEyeOn.app/Frameworks/MQTTFramework.framework/MQTTFramework ... 
2018-07-30 06:43:42 +0000  916656 bytes for ./Payload/openEyeOn.app/Frameworks/MQTTFramework.framework/MQTTFramework
copying file ./Payload/openEyeOn.app/Frameworks/MQTTFramework.framework/Info.plist ... 
2018-07-30 06:43:42 +0000  747 bytes for ./Payload/openEyeOn.app/Frameworks/MQTTFramework.framework/Info.plist
copying file ./Payload/openEyeOn.app/WiFiSettingViewController.nib ... 
4704 bytes for ./Payload/openEyeOn.app/WiFiSettingViewController.nib
copying file ./Payload/openEyeOn.app/wps01_ffwd.png ... 
2018-07-30 06:43:42 +0000  22483 bytes for ./Payload/openEyeOn.app/wps01_ffwd.png
2018-07-30 06:43:42 +0000  copying file ./Payload/openEyeOn.app/talk_off.png ... 
2018-07-30 06:43:42 +0000  6094 bytes for ./Payload/openEyeOn.app/talk_off.png
copying file ./Payload/openEyeOn.app/TL-icon-down.png ... 
2018-07-30 06:43:42 +0000  3120 bytes for ./Payload/openEyeOn.app/TL-icon-down.png
copying file ./Payload/openEyeOn.app/slidemenu_copyright_white.png ... 
2018-07-30 06:43:42 +0000  5930 bytes for ./Payload/openEyeOn.app/slidemenu_copyright_white.png
copying file ./Payload/openEyeOn.app/google.jpg ... 
2018-07-30 06:43:42 +0000  953 bytes for ./Payload/openEyeOn.app/google.jpg
copying file ./Payload/openEyeOn.app/Google.png ... 
2018-07-30 06:43:42 +0000  9018 bytes for ./Payload/openEyeOn.app/Google.png
copying file ./Payload/openEyeOn.app/embedded.mobileprovision ... 
2018-07-30 06:43:42 +0000  12234 bytes for ./Payload/openEyeOn.app/embedded.mobileprovision
copying file ./Payload/openEyeOn.app/common_done.png ... 
2018-07-30 06:43:42 +0000  5543 bytes for ./Payload/openEyeOn.app/common_done.png
copying file ./Payload/openEyeOn.app/addcam-cam.png ... 
2018-07-30 06:43:42 +0000  6286 bytes for ./Payload/openEyeOn.app/addcam-cam.png
2018-07-30 06:43:42 +0000  copying file ./Payload/openEyeOn.app/common_settings.png ... 
2018-07-30 06:43:42 +0000  5360 bytes for ./Payload/openEyeOn.app/common_settings.png
copying file ./Payload/openEyeOn.app/addcam_wps_summary.png ... 
2018-07-30 06:43:42 +0000  12936 bytes for ./Payload/openEyeOn.app/addcam_wps_summary.png
copying file ./Payload/openEyeOn.app/camera_list_circle_green.png ... 
2018-07-30 06:43:42 +0000  7576 bytes for ./Payload/openEyeOn.app/camera_list_circle_green.png
copying file ./Payload/openEyeOn.app/humidity.png ... 
2018-07-30 06:43:42 +0000  4967 bytes for ./Payload/openEyeOn.app/humidity.png
copying file ./Payload/openEyeOn.app/Default.png ... 
2018-07-30 06:43:42 +0000  21706 bytes for ./Payload/openEyeOn.app/Default.png
2018-07-30 06:43:42 +0000  copying file ./Payload/openEyeOn.app/TL-icon-up.png ... 
3128 bytes for ./Payload/openEyeOn.app/TL-icon-up.png
2018-07-30 06:43:42 +0000  copying file ./Payload/openEyeOn.app/live-button-snap.png ... 
2018-07-30 06:43:42 +0000  3510 bytes for ./Payload/openEyeOn.app/live-button-snap.png
copying file ./Payload/openEyeOn.app/privacy_off.png ... 
2018-07-30 06:43:42 +0000  4803 bytes for ./Payload/openEyeOn.app/privacy_off.png
2018-07-30 06:43:42 +0000  copying file ./Payload/openEyeOn.app/eyeon-40.png ... 
2018-07-30 06:43:42 +0000  5389 bytes for ./Payload/openEyeOn.app/eyeon-40.png
copying file ./Payload/openEyeOn.app/AddCamWPS2VC.nib ... 
2018-07-30 06:43:42 +0000  3125 bytes for ./Payload/openEyeOn.app/AddCamWPS2VC.nib
copying file ./Payload/openEyeOn.app/Info.plist ... 
2018-07-30 06:43:42 +0000  2292 bytes for ./Payload/openEyeOn.app/Info.plist
copying file ./Payload/openEyeOn.app/gigigaga01.png ... 
2018-07-30 06:43:42 +0000  23760 bytes for ./Payload/openEyeOn.app/gigigaga01.png
copying file ./Payload/openEyeOn.app/slidemenu_blue_line.png ... 
2018-07-30 06:43:42 +0000  3214 bytes for ./Payload/openEyeOn.app/slidemenu_blue_line.png
copying file ./Payload/openEyeOn.app/grayArrow@2x.png ... 
2018-07-30 06:43:42 +0000  1737 bytes for ./Payload/openEyeOn.app/grayArrow@2x.png
copying file ./Payload/openEyeOn.app/slide-thumb-statement.png ... 
2018-07-30 06:43:42 +0000  4334 bytes for ./Payload/openEyeOn.app/slide-thumb-statement.png
copying file ./Payload/openEyeOn.app/eyeon-114.png ... 
2018-07-30 06:43:42 +0000  8844 bytes for ./Payload/openEyeOn.app/eyeon-114.png
2018-07-30 06:43:42 +0000  copying file ./Payload/openEyeOn.app/common-icon-down.png ... 
2998 bytes for ./Payload/openEyeOn.app/common-icon-down.png
2018-07-30 06:43:42 +0000  copying file ./Payload/openEyeOn.app/Launch Screen.nib ... 
2018-07-30 06:43:42 +0000  3882 bytes for ./Payload/openEyeOn.app/Launch Screen.nib
copying file ./Payload/openEyeOn.app/PkgInfo ... 
2018-07-30 06:43:42 +0000  8 bytes for ./Payload/openEyeOn.app/PkgInfo
copying file ./Payload/openEyeOn.app/addcam-flashing-green.png ... 
2018-07-30 06:43:42 +0000  6737 bytes for ./Payload/openEyeOn.app/addcam-flashing-green.png
copying file ./Payload/openEyeOn.app/cammode_manual_white.png ... 
2018-07-30 06:43:42 +0000  4115 bytes for ./Payload/openEyeOn.app/cammode_manual_white.png
copying file ./Payload/openEyeOn.app/common_scenarioprofile.png ... 
2018-07-30 06:43:42 +0000  3329 bytes for ./Payload/openEyeOn.app/common_scenarioprofile.png
copying file ./Payload/openEyeOn.app/addcam-icon-green.png ... 
2018-07-30 06:43:42 +0000  7444 bytes for ./Payload/openEyeOn.app/addcam-icon-green.png
2018-07-30 06:43:42 +0000  copying file ./Payload/openEyeOn.app/eyeon-57.png ... 
2018-07-30 06:43:42 +0000  5713 bytes for ./Payload/openEyeOn.app/eyeon-57.png
copying file ./Payload/openEyeOn.app/gigigaga02.png ... 
2018-07-30 06:43:42 +0000  15277 bytes for ./Payload/openEyeOn.app/gigigaga02.png
2018-07-30 06:43:42 +0000  
2018-07-30 06:43:42 +0000  2018-07-30 06:43:42 +0000  /usr/bin/ditto exited with 0

2018-07-30 06:43:42 +0000  
2018-07-30 06:43:42 +0000  Processing step: IDEDistributionCreateManifestStep
