2018-10-23 09:43:19 +0000  Initial pipeline context: <IDEDistributionProcessingPipelineContext: 0x7fb74d2ca4b0; archive(resolved)='<IDEArchive: 0x7fb746c90010>', distributionTask(resolved)='2', distributionDestination(resolved)='1', distributionMethod(resolved)='<IDEDistributionMethodDevelopmentSigned: 0x7fb74b6a9f10>', team(resolved)='<IDEProvisioningDisambiguatableBasicTeam: 0x7fb748b235f0; teamID='G2T67L774T', teamName='PU YUAN BIOTECH CO., LTD.', teamType='Company', username='idp@raylios.com', isFreeProvisioningTeam='0'>'>
	Chain (12, self inclusive):
	<IDEDistributionProcessingPipelineContext: 0x7fb74d2ca4b0; archive = '<IDEArchive: 0x7fb746c90010>', distributionMethod='<IDEDistributionMethodDevelopmentSigned: 0x7fb74b6a9f10>', team='<IDEProvisioningDisambiguatableBasicTeam: 0x7fb748b235f0; teamID='G2T67L774T', teamName='PU YUAN BIOTECH CO., LTD.', teamType='Company', username='idp@raylios.com', isFreeProvisioningTeam='0'>'>
	<IDEDistributionProcessingPipelineContext: 0x7fb74caf8360; archive = '<IDEArchive: 0x7fb746c90010>', distributionMethod='<IDEDistributionMethodDevelopmentSigned: 0x7fb74b6a9f10>', team='<IDEProvisioningDisambiguatableBasicTeam: 0x7fb748b235f0; teamID='G2T67L774T', teamName='PU YUAN BIOTECH CO., LTD.', teamType='Company', username='idp@raylios.com', isFreeProvisioningTeam='0'>'>
	<IDEDistributionContext: 0x7fb74d40b790; archive = '<IDEArchive: 0x7fb746c90010>', distributionMethod='<IDEDistributionMethodDevelopmentSigned: 0x7fb74b6a9f10>', team='<IDEProvisioningDisambiguatableBasicTeam: 0x7fb748b235f0; teamID='G2T67L774T', teamName='PU YUAN BIOTECH CO., LTD.', teamType='Company', username='idp@raylios.com', isFreeProvisioningTeam='0'>'>
	<IDEDistributionContext: 0x7fb7434e65d0; archive = '<IDEArchive: 0x7fb746c90010>', distributionMethod='<IDEDistributionMethodDevelopmentSigned: 0x7fb74b6a9f10>', team='<IDEProvisioningDisambiguatableBasicTeam: 0x7fb748b235f0; teamID='G2T67L774T', teamName='PU YUAN BIOTECH CO., LTD.', teamType='Company', username='idp@raylios.com', isFreeProvisioningTeam='0'>'>
	<IDEDistributionContext: 0x7fb74c9d7080; archive = '<IDEArchive: 0x7fb746c90010>', distributionMethod='<IDEDistributionMethodDevelopmentSigned: 0x7fb74b6a9f10>', team='<IDEProvisioningDisambiguatableBasicTeam: 0x7fb748b235f0; teamID='G2T67L774T', teamName='PU YUAN BIOTECH CO., LTD.', teamType='Company', username='idp@raylios.com', isFreeProvisioningTeam='0'>'>
	<IDEDistributionContext: 0x7fb746c30b80; archive = '<IDEArchive: 0x7fb746c90010>', distributionMethod='<IDEDistributionMethodDevelopmentSigned: 0x7fb74b6a9f10>', team='<IDEProvisioningDisambiguatableBasicTeam: 0x7fb748b235f0; teamID='G2T67L774T', teamName='PU YUAN BIOTECH CO., LTD.', teamType='Company', username='idp@raylios.com', isFreeProvisioningTeam='0'>'>
	<IDEDistributionContext: 0x7fb74cbc0960; archive = '<IDEArchive: 0x7fb746c90010>', distributionMethod='<IDEDistributionMethodDevelopmentSigned: 0x7fb74b6a9f10>', team='<IDEProvisioningDisambiguatableBasicTeam: 0x7fb748b235f0; teamID='G2T67L774T', teamName='PU YUAN BIOTECH CO., LTD.', teamType='Company', username='idp@raylios.com', isFreeProvisioningTeam='0'>'>
	<IDEDistributionContext: 0x7fb74d445390; archive = '<IDEArchive: 0x7fb746c90010>', distributionMethod='<IDEDistributionMethodDevelopmentSigned: 0x7fb74b6a9f10>', team='<IDEProvisioningDisambiguatableBasicTeam: 0x7fb748b235f0; teamID='G2T67L774T', teamName='PU YUAN BIOTECH CO., LTD.', teamType='Company', username='idp@raylios.com', isFreeProvisioningTeam='0'>'>
	<IDEDistributionContext: 0x7fb74d1e31e0; archive = '<IDEArchive: 0x7fb746c90010>', distributionMethod='<IDEDistributionMethodDevelopmentSigned: 0x7fb74b6a9f10>', team='<IDEProvisioningDisambiguatableBasicTeam: 0x7fb748b235f0; teamID='G2T67L774T', teamName='PU YUAN BIOTECH CO., LTD.', teamType='Company', username='idp@raylios.com', isFreeProvisioningTeam='0'>'>
	<IDEDistributionContext: 0x7fb74d185320; archive = '<IDEArchive: 0x7fb746c90010>', distributionMethod='<IDEDistributionMethodDevelopmentSigned: 0x7fb74b6a9f10>', team='(null)'>
	<IDEDistributionContext: 0x7fb74d4492f0; archive = '<IDEArchive: 0x7fb746c90010>', distributionMethod='<IDEDistributionMethodDevelopmentSigned: 0x7fb74b6a9f10>', team='(null)'>
	<IDEDistributionContext: 0x7fb74d3e6f70; archive = '<IDEArchive: 0x7fb746c90010>', distributionMethod='(null)', team='(null)'>
</IDEDistributionProcessingPipelineContext: 0x7fb74d2ca4b0>
2018-10-23 09:43:19 +0000  Processing step: IDEDistributionCreateDestRootStep
2018-10-23 09:43:19 +0000  Processing step: IDEDistributionCopyItemStep
2018-10-23 09:43:19 +0000  Running /usr/bin/ditto '-V' '/Users/yuzongen/Library/Developer/Xcode/Archives/2018-10-23/PuYuan 2018-10-23 下午5.36.xcarchive/Products/Applications/Glucon.app' '/var/folders/gz/1xg6yp412cq6lqx4mjhyllnc0000gn/T/XcodeDistPipeline.XUU/Root/Payload/Glucon.app'
2018-10-23 09:43:19 +0000  >>> Copying /Users/yuzongen/Library/Developer/Xcode/Archives/2018-10-23/PuYuan 2018-10-23 下午5.36.xcarchive/Products/Applications/Glucon.app 
2018-10-23 09:43:19 +0000  copying file ./_CodeSignature/CodeResources ... 
2018-10-23 09:43:19 +0000  39463 bytes for ./_CodeSignature/CodeResources
2018-10-23 09:43:19 +0000  copying file ./add.png ... 
2018-10-23 09:43:19 +0000  2799 bytes for ./add.png
2018-10-23 09:43:19 +0000  copying file ./zh-Hant-TW.lproj/Localizable.strings ... 
2018-10-23 09:43:19 +0000  5545 bytes for ./zh-Hant-TW.lproj/Localizable.strings
2018-10-23 09:43:19 +0000  copying file ./zh-Hant-TW.lproj/InfoPlist.strings ... 
2018-10-23 09:43:19 +0000  75 bytes for ./zh-Hant-TW.lproj/InfoPlist.strings
2018-10-23 09:43:19 +0000  copying file ./bluetooth.png ... 
2018-10-23 09:43:19 +0000  1008 bytes for ./bluetooth.png
copying file ./AppIcon20x20@2x.png ... 
2018-10-23 09:43:19 +0000  4900 bytes for ./AppIcon20x20@2x.png
copying file ./Glucon ... 
2018-10-23 09:43:19 +0000  2005152 bytes for ./Glucon
2018-10-23 09:43:19 +0000  copying file ./pressure.png ... 
2018-10-23 09:43:19 +0000  3584 bytes for ./pressure.png
copying file ./note.png ... 
2018-10-23 09:43:19 +0000  2172 bytes for ./note.png
2018-10-23 09:43:19 +0000  copying file ./AppIcon20x20@3x.png ... 
2018-10-23 09:43:19 +0000  9160 bytes for ./AppIcon20x20@3x.png
2018-10-23 09:43:19 +0000  copying file ./talk-QA.png ... 
2018-10-23 09:43:19 +0000  1221 bytes for ./talk-QA.png
copying file ./icon-user.png ... 
2018-10-23 09:43:19 +0000  2341 bytes for ./icon-user.png
2018-10-23 09:43:19 +0000  copying file ./diary-on.png ... 
2018-10-23 09:43:19 +0000  1295 bytes for ./diary-on.png
2018-10-23 09:43:19 +0000  copying file ./guide.png ... 
2018-10-23 09:43:19 +0000  4428 bytes for ./guide.png
copying file ./AppIcon60x60@2x.png ... 
2018-10-23 09:43:19 +0000  26628 bytes for ./AppIcon60x60@2x.png
2018-10-23 09:43:19 +0000  copying file ./community.png ... 
2018-10-23 09:43:19 +0000  1425 bytes for ./community.png
copying file ./cancel.png ... 
2018-10-23 09:43:19 +0000  12592 bytes for ./cancel.png
2018-10-23 09:43:19 +0000  copying file ./AppIcon40x40@3x.png ... 
2018-10-23 09:43:19 +0000  26628 bytes for ./AppIcon40x40@3x.png
copying file ./manually-keyin.png ... 
2018-10-23 09:43:19 +0000  1292 bytes for ./manually-keyin.png
copying file ./delete-friend.png ... 
2018-10-23 09:43:19 +0000  1918 bytes for ./delete-friend.png
2018-10-23 09:43:19 +0000  copying file ./share-to-SM.png ... 
2018-10-23 09:43:19 +0000  1072 bytes for ./share-to-SM.png
copying file ./AppIcon40x40@2x.png ... 
2018-10-23 09:43:19 +0000  14722 bytes for ./AppIcon40x40@2x.png
2018-10-23 09:43:19 +0000  copying file ./start-measurement.png ... 
2018-10-23 09:43:19 +0000  8288 bytes for ./start-measurement.png
2018-10-23 09:43:19 +0000  copying file ./AppIcon60x60@3x.png ... 
2018-10-23 09:43:19 +0000  42568 bytes for ./AppIcon60x60@3x.png
2018-10-23 09:43:19 +0000  copying file ./Base.lproj/Localizable.strings ... 
2018-10-23 09:43:19 +0000  6762 bytes for ./Base.lproj/Localizable.strings
copying file ./Base.lproj/InfoPlist.strings ... 
2018-10-23 09:43:19 +0000  75 bytes for ./Base.lproj/InfoPlist.strings
2018-10-23 09:43:19 +0000  copying file ./Base.lproj/Main.storyboardc/qQm-Lb-Pk8-view-132-Q5-ADo.nib ... 
2018-10-23 09:43:19 +0000  8116 bytes for ./Base.lproj/Main.storyboardc/qQm-Lb-Pk8-view-132-Q5-ADo.nib
copying file ./Base.lproj/Main.storyboardc/UIViewController-hc9-FI-9Tv.nib ... 
2018-10-23 09:43:19 +0000  958 bytes for ./Base.lproj/Main.storyboardc/UIViewController-hc9-FI-9Tv.nib
2018-10-23 09:43:19 +0000  copying file ./Base.lproj/Main.storyboardc/UIViewController-rUw-dG-ZHo.nib ... 
2018-10-23 09:43:19 +0000  961 bytes for ./Base.lproj/Main.storyboardc/UIViewController-rUw-dG-ZHo.nib
copying file ./Base.lproj/Main.storyboardc/UIViewController-l9q-5k-Xjq.nib ... 
2018-10-23 09:43:19 +0000  1213 bytes for ./Base.lproj/Main.storyboardc/UIViewController-l9q-5k-Xjq.nib
copying file ./Base.lproj/Main.storyboardc/UIViewController-kKS-UY-E6M.nib ... 
2018-10-23 09:43:19 +0000  1224 bytes for ./Base.lproj/Main.storyboardc/UIViewController-kKS-UY-E6M.nib
copying file ./Base.lproj/Main.storyboardc/UIViewController-26e-G9-3yr.nib ... 
2018-10-23 09:43:19 +0000  968 bytes for ./Base.lproj/Main.storyboardc/UIViewController-26e-G9-3yr.nib
2018-10-23 09:43:19 +0000  copying file ./Base.lproj/Main.storyboardc/u21-7g-qpb-view-7gF-Zf-1K6.nib ... 
2018-10-23 09:43:19 +0000  5212 bytes for ./Base.lproj/Main.storyboardc/u21-7g-qpb-view-7gF-Zf-1K6.nib
copying file ./Base.lproj/Main.storyboardc/UIViewController-rTj-KW-nH1.nib ... 
2018-10-23 09:43:19 +0000  1849 bytes for ./Base.lproj/Main.storyboardc/UIViewController-rTj-KW-nH1.nib
copying file ./Base.lproj/Main.storyboardc/UIViewController-rIU-pe-A9l.nib ... 
2018-10-23 09:43:19 +0000  966 bytes for ./Base.lproj/Main.storyboardc/UIViewController-rIU-pe-A9l.nib
2018-10-23 09:43:19 +0000  copying file ./Base.lproj/Main.storyboardc/UIViewController-zSu-tY-Thf.nib ... 
2018-10-23 09:43:19 +0000  961 bytes for ./Base.lproj/Main.storyboardc/UIViewController-zSu-tY-Thf.nib
2018-10-23 09:43:19 +0000  copying file ./Base.lproj/Main.storyboardc/UIViewController-Ybt-o9-ebQ.nib ... 
2018-10-23 09:43:19 +0000  1308 bytes for ./Base.lproj/Main.storyboardc/UIViewController-Ybt-o9-ebQ.nib
2018-10-23 09:43:19 +0000  copying file ./Base.lproj/Main.storyboardc/l9q-5k-Xjq-view-myo-i7-rAJ.nib ... 
2018-10-23 09:43:19 +0000  11783 bytes for ./Base.lproj/Main.storyboardc/l9q-5k-Xjq-view-myo-i7-rAJ.nib
2018-10-23 09:43:19 +0000  copying file ./Base.lproj/Main.storyboardc/HFk-kk-ie4-view-tK3-UO-Xa1.nib ... 
2018-10-23 09:43:19 +0000  4624 bytes for ./Base.lproj/Main.storyboardc/HFk-kk-ie4-view-tK3-UO-Xa1.nib
copying file ./Base.lproj/Main.storyboardc/rIU-pe-A9l-view-LBD-lh-GZ4.nib ... 
2018-10-23 09:43:19 +0000  6212 bytes for ./Base.lproj/Main.storyboardc/rIU-pe-A9l-view-LBD-lh-GZ4.nib
copying file ./Base.lproj/Main.storyboardc/jad-WV-7Ub-view-tFK-Qi-lqm.nib ... 
2018-10-23 09:43:19 +0000  4315 bytes for ./Base.lproj/Main.storyboardc/jad-WV-7Ub-view-tFK-Qi-lqm.nib
2018-10-23 09:43:19 +0000  copying file ./Base.lproj/Main.storyboardc/hmq-DL-hed-view-Wmc-F4-vdn.nib ... 
2018-10-23 09:43:19 +0000  4312 bytes for ./Base.lproj/Main.storyboardc/hmq-DL-hed-view-Wmc-F4-vdn.nib
2018-10-23 09:43:19 +0000  copying file ./Base.lproj/Main.storyboardc/rUw-dG-ZHo-view-QPj-6k-GWg.nib ... 
2018-10-23 09:43:20 +0000  4877 bytes for ./Base.lproj/Main.storyboardc/rUw-dG-ZHo-view-QPj-6k-GWg.nib
2018-10-23 09:43:20 +0000  copying file ./Base.lproj/Main.storyboardc/UIViewController-biN-IB-B16.nib ... 
2018-10-23 09:43:20 +0000  1213 bytes for ./Base.lproj/Main.storyboardc/UIViewController-biN-IB-B16.nib
copying file ./Base.lproj/Main.storyboardc/hc9-FI-9Tv-view-D0p-RU-VcE.nib ... 
2018-10-23 09:43:20 +0000  3888 bytes for ./Base.lproj/Main.storyboardc/hc9-FI-9Tv-view-D0p-RU-VcE.nib
2018-10-23 09:43:20 +0000  copying file ./Base.lproj/Main.storyboardc/41L-Ze-GGa-view-aRD-E8-ozj.nib ... 
2018-10-23 09:43:20 +0000  4870 bytes for ./Base.lproj/Main.storyboardc/41L-Ze-GGa-view-aRD-E8-ozj.nib
copying file ./Base.lproj/Main.storyboardc/UIViewController-h12-RV-1Ix.nib ... 
2018-10-23 09:43:20 +0000  1327 bytes for ./Base.lproj/Main.storyboardc/UIViewController-h12-RV-1Ix.nib
copying file ./Base.lproj/Main.storyboardc/h12-RV-1Ix-view-QVp-tV-Xba.nib ... 
2018-10-23 09:43:20 +0000  4632 bytes for ./Base.lproj/Main.storyboardc/h12-RV-1Ix-view-QVp-tV-Xba.nib
2018-10-23 09:43:20 +0000  copying file ./Base.lproj/Main.storyboardc/B2j-aw-pk4-view-xbB-TH-Eef.nib ... 
2018-10-23 09:43:20 +0000  7963 bytes for ./Base.lproj/Main.storyboardc/B2j-aw-pk4-view-xbB-TH-Eef.nib
copying file ./Base.lproj/Main.storyboardc/UIViewController-f4W-Lc-Xra.nib ... 
2018-10-23 09:43:20 +0000  965 bytes for ./Base.lproj/Main.storyboardc/UIViewController-f4W-Lc-Xra.nib
copying file ./Base.lproj/Main.storyboardc/UIViewController-kqP-PJ-hHH.nib ... 
2018-10-23 09:43:20 +0000  1491 bytes for ./Base.lproj/Main.storyboardc/UIViewController-kqP-PJ-hHH.nib
2018-10-23 09:43:20 +0000  copying file ./Base.lproj/Main.storyboardc/kqP-PJ-hHH-view-fLz-0y-Btn.nib ... 
2018-10-23 09:43:20 +0000  5317 bytes for ./Base.lproj/Main.storyboardc/kqP-PJ-hHH-view-fLz-0y-Btn.nib
copying file ./Base.lproj/Main.storyboardc/UIViewController-xni-t3-2Ay.nib ... 
2018-10-23 09:43:20 +0000  968 bytes for ./Base.lproj/Main.storyboardc/UIViewController-xni-t3-2Ay.nib
copying file ./Base.lproj/Main.storyboardc/UIViewController-B2j-aw-pk4.nib ... 
2018-10-23 09:43:20 +0000  965 bytes for ./Base.lproj/Main.storyboardc/UIViewController-B2j-aw-pk4.nib
2018-10-23 09:43:20 +0000  copying file ./Base.lproj/Main.storyboardc/YUf-c9-Yss-view-c1Z-56-QQw.nib ... 
2018-10-23 09:43:20 +0000  7752 bytes for ./Base.lproj/Main.storyboardc/YUf-c9-Yss-view-c1Z-56-QQw.nib
2018-10-23 09:43:20 +0000  copying file ./Base.lproj/Main.storyboardc/RTK-Dd-ynl-view-Spe-03-rk1.nib ... 
2018-10-23 09:43:20 +0000  4720 bytes for ./Base.lproj/Main.storyboardc/RTK-Dd-ynl-view-Spe-03-rk1.nib
copying file ./Base.lproj/Main.storyboardc/xni-t3-2Ay-view-ifU-6t-eJX.nib ... 
2018-10-23 09:43:20 +0000  6822 bytes for ./Base.lproj/Main.storyboardc/xni-t3-2Ay-view-ifU-6t-eJX.nib
2018-10-23 09:43:20 +0000  copying file ./Base.lproj/Main.storyboardc/zSu-tY-Thf-view-U55-pf-s8b.nib ... 
2018-10-23 09:43:20 +0000  7020 bytes for ./Base.lproj/Main.storyboardc/zSu-tY-Thf-view-U55-pf-s8b.nib
copying file ./Base.lproj/Main.storyboardc/UIViewController-HFk-kk-ie4.nib ... 
2018-10-23 09:43:20 +0000  1219 bytes for ./Base.lproj/Main.storyboardc/UIViewController-HFk-kk-ie4.nib
copying file ./Base.lproj/Main.storyboardc/UIViewController-qQm-Lb-Pk8.nib ... 
2018-10-23 09:43:20 +0000  971 bytes for ./Base.lproj/Main.storyboardc/UIViewController-qQm-Lb-Pk8.nib
copying file ./Base.lproj/Main.storyboardc/f4W-Lc-Xra-view-OT0-3b-Oup.nib ... 
2018-10-23 09:43:20 +0000  5839 bytes for ./Base.lproj/Main.storyboardc/f4W-Lc-Xra-view-OT0-3b-Oup.nib
copying file ./Base.lproj/Main.storyboardc/j69-gN-2Bg-view-Ibv-QU-Djj.nib ... 
2018-10-23 09:43:20 +0000  5694 bytes for ./Base.lproj/Main.storyboardc/j69-gN-2Bg-view-Ibv-QU-Djj.nib
2018-10-23 09:43:20 +0000  copying file ./Base.lproj/Main.storyboardc/UIViewController-RTK-Dd-ynl.nib ... 
2018-10-23 09:43:20 +0000  960 bytes for ./Base.lproj/Main.storyboardc/UIViewController-RTK-Dd-ynl.nib
copying file ./Base.lproj/Main.storyboardc/UIViewController-3wr-69-2bf.nib ... 
2018-10-23 09:43:20 +0000  2189 bytes for ./Base.lproj/Main.storyboardc/UIViewController-3wr-69-2bf.nib
copying file ./Base.lproj/Main.storyboardc/26e-G9-3yr-view-ndr-hN-7bH.nib ... 
2018-10-23 09:43:20 +0000  6993 bytes for ./Base.lproj/Main.storyboardc/26e-G9-3yr-view-ndr-hN-7bH.nib
2018-10-23 09:43:20 +0000  copying file ./Base.lproj/Main.storyboardc/UIViewController-j69-gN-2Bg.nib ... 
2018-10-23 09:43:20 +0000  1387 bytes for ./Base.lproj/Main.storyboardc/UIViewController-j69-gN-2Bg.nib
2018-10-23 09:43:20 +0000  copying file ./Base.lproj/Main.storyboardc/UIViewController-jad-WV-7Ub.nib ... 
2018-10-23 09:43:20 +0000  1329 bytes for ./Base.lproj/Main.storyboardc/UIViewController-jad-WV-7Ub.nib
copying file ./Base.lproj/Main.storyboardc/3wr-69-2bf-view-aVC-B2-jDu.nib ... 
2018-10-23 09:43:20 +0000  21586 bytes for ./Base.lproj/Main.storyboardc/3wr-69-2bf-view-aVC-B2-jDu.nib
2018-10-23 09:43:20 +0000  copying file ./Base.lproj/Main.storyboardc/UIViewController-hmq-DL-hed.nib ... 
2018-10-23 09:43:20 +0000  1218 bytes for ./Base.lproj/Main.storyboardc/UIViewController-hmq-DL-hed.nib
copying file ./Base.lproj/Main.storyboardc/biN-IB-B16-view-Pf5-Ar-FE6.nib ... 
2018-10-23 09:43:20 +0000  4312 bytes for ./Base.lproj/Main.storyboardc/biN-IB-B16-view-Pf5-Ar-FE6.nib
copying file ./Base.lproj/Main.storyboardc/axk-ub-PLH-view-gdZ-jc-RdX.nib ... 
2018-10-23 09:43:20 +0000  9346 bytes for ./Base.lproj/Main.storyboardc/axk-ub-PLH-view-gdZ-jc-RdX.nib
2018-10-23 09:43:20 +0000  copying file ./Base.lproj/Main.storyboardc/gFM-WI-fTk-view-XtA-4n-fs7.nib ... 
2018-10-23 09:43:20 +0000  6875 bytes for ./Base.lproj/Main.storyboardc/gFM-WI-fTk-view-XtA-4n-fs7.nib
copying file ./Base.lproj/Main.storyboardc/kKS-UY-E6M-view-VaD-7p-DNs.nib ... 
2018-10-23 09:43:20 +0000  9257 bytes for ./Base.lproj/Main.storyboardc/kKS-UY-E6M-view-VaD-7p-DNs.nib
copying file ./Base.lproj/Main.storyboardc/Ybt-o9-ebQ-view-kny-1q-pJH.nib ... 
2018-10-23 09:43:20 +0000  6847 bytes for ./Base.lproj/Main.storyboardc/Ybt-o9-ebQ-view-kny-1q-pJH.nib
2018-10-23 09:43:20 +0000  copying file ./Base.lproj/Main.storyboardc/rTj-KW-nH1-view-oub-KY-6NE.nib ... 
2018-10-23 09:43:20 +0000  4303 bytes for ./Base.lproj/Main.storyboardc/rTj-KW-nH1-view-oub-KY-6NE.nib
copying file ./Base.lproj/Main.storyboardc/UIViewController-41L-Ze-GGa.nib ... 
2018-10-23 09:43:20 +0000  964 bytes for ./Base.lproj/Main.storyboardc/UIViewController-41L-Ze-GGa.nib
copying file ./Base.lproj/Main.storyboardc/UIViewController-gFM-WI-fTk.nib ... 
2018-10-23 09:43:20 +0000  959 bytes for ./Base.lproj/Main.storyboardc/UIViewController-gFM-WI-fTk.nib
2018-10-23 09:43:20 +0000  copying file ./Base.lproj/Main.storyboardc/UIViewController-u21-7g-qpb.nib ... 
2018-10-23 09:43:20 +0000  962 bytes for ./Base.lproj/Main.storyboardc/UIViewController-u21-7g-qpb.nib
copying file ./Base.lproj/Main.storyboardc/Info.plist ... 
2018-10-23 09:43:20 +0000  1961 bytes for ./Base.lproj/Main.storyboardc/Info.plist
copying file ./Base.lproj/Main.storyboardc/PersonalSetting.nib ... 
2018-10-23 09:43:20 +0000  1298 bytes for ./Base.lproj/Main.storyboardc/PersonalSetting.nib
2018-10-23 09:43:20 +0000  copying file ./Base.lproj/Main.storyboardc/UIViewController-axk-ub-PLH.nib ... 
2018-10-23 09:43:20 +0000  971 bytes for ./Base.lproj/Main.storyboardc/UIViewController-axk-ub-PLH.nib
2018-10-23 09:43:20 +0000  copying file ./Base.lproj/LaunchScreen.storyboardc/01J-lp-oVM-view-Ze5-6b-2t3.nib ... 
2018-10-23 09:43:20 +0000  2426 bytes for ./Base.lproj/LaunchScreen.storyboardc/01J-lp-oVM-view-Ze5-6b-2t3.nib
2018-10-23 09:43:20 +0000  copying file ./Base.lproj/LaunchScreen.storyboardc/UIViewController-01J-lp-oVM.nib ... 
2018-10-23 09:43:20 +0000  832 bytes for ./Base.lproj/LaunchScreen.storyboardc/UIViewController-01J-lp-oVM.nib
2018-10-23 09:43:20 +0000  copying file ./Base.lproj/LaunchScreen.storyboardc/Info.plist ... 
2018-10-23 09:43:20 +0000  258 bytes for ./Base.lproj/LaunchScreen.storyboardc/Info.plist
2018-10-23 09:43:20 +0000  copying file ./friend.png ... 
2018-10-23 09:43:20 +0000  2118 bytes for ./friend.png
2018-10-23 09:43:20 +0000  copying file ./zh-Hant.lproj/Localizable.strings ... 
2018-10-23 09:43:20 +0000  5545 bytes for ./zh-Hant.lproj/Localizable.strings
copying file ./zh-Hant.lproj/InfoPlist.strings ... 
2018-10-23 09:43:20 +0000  75 bytes for ./zh-Hant.lproj/InfoPlist.strings
2018-10-23 09:43:20 +0000  copying file ./blood.png ... 
2018-10-23 09:43:20 +0000  3046 bytes for ./blood.png
2018-10-23 09:43:20 +0000  copying file ./QA.png ... 
2018-10-23 09:43:20 +0000  1649 bytes for ./QA.png
2018-10-23 09:43:20 +0000  copying file ./weight.png ... 
2018-10-23 09:43:20 +0000  3243 bytes for ./weight.png
2018-10-23 09:43:20 +0000  copying file ./whiteArrow.png ... 
2018-10-23 09:43:20 +0000  4011 bytes for ./whiteArrow.png
2018-10-23 09:43:20 +0000  copying file ./connec.png ... 
2018-10-23 09:43:20 +0000  1403 bytes for ./connec.png
2018-10-23 09:43:20 +0000  copying file ./diary.png ... 
2018-10-23 09:43:20 +0000  1273 bytes for ./diary.png
2018-10-23 09:43:20 +0000  copying file ./Assets.car ... 
2018-10-23 09:43:20 +0000  184120 bytes for ./Assets.car
copying file ./forward.png ... 
2018-10-23 09:43:20 +0000  402 bytes for ./forward.png
2018-10-23 09:43:20 +0000  copying file ./talk-me.png ... 
2018-10-23 09:43:20 +0000  630 bytes for ./talk-me.png
copying file ./Puyuan-Logo.png ... 
2018-10-23 09:43:20 +0000  19287 bytes for ./Puyuan-Logo.png
2018-10-23 09:43:20 +0000  copying file ./add-friend.png ... 
2018-10-23 09:43:20 +0000  1742 bytes for ./add-friend.png
copying file ./share.png ... 
2018-10-23 09:43:20 +0000  419 bytes for ./share.png
copying file ./icon-utritionist.png ... 
2018-10-23 09:43:20 +0000  2226 bytes for ./icon-utritionist.png
copying file ./share-to-community.png ... 
2018-10-23 09:43:20 +0000  1439 bytes for ./share-to-community.png
copying file ./headphone.png ... 
2018-10-23 09:43:20 +0000  1125 bytes for ./headphone.png
2018-10-23 09:43:20 +0000  copying file ./QA-on.png ... 
2018-10-23 09:43:20 +0000  1957 bytes for ./QA-on.png
copying file ./community-on.png ... 
2018-10-23 09:43:20 +0000  1502 bytes for ./community-on.png
2018-10-23 09:43:20 +0000  copying file ./analysis.png ... 
2018-10-23 09:43:20 +0000  1123 bytes for ./analysis.png
2018-10-23 09:43:20 +0000  copying file ./headphone-sync-2.png ... 
2018-10-23 09:43:20 +0000  14888 bytes for ./headphone-sync-2.png
copying file ./more.png ... 
2018-10-23 09:43:20 +0000  858 bytes for ./more.png
2018-10-23 09:43:20 +0000  copying file ./embedded.mobileprovision ... 
2018-10-23 09:43:20 +0000  26499 bytes for ./embedded.mobileprovision
2018-10-23 09:43:20 +0000  copying file ./headphone-sync-1.png ... 
2018-10-23 09:43:20 +0000  8558 bytes for ./headphone-sync-1.png
copying file ./notification.png ... 
2018-10-23 09:43:20 +0000  1641 bytes for ./notification.png
2018-10-23 09:43:20 +0000  copying file ./diet.png ... 
2018-10-23 09:43:20 +0000  3067 bytes for ./diet.png
2018-10-23 09:43:20 +0000  copying file ./back.png ... 
2018-10-23 09:43:20 +0000  429 bytes for ./back.png
2018-10-23 09:43:20 +0000  copying file ./Info.plist ... 
2018-10-23 09:43:20 +0000  1826 bytes for ./Info.plist
2018-10-23 09:43:20 +0000  copying file ./PkgInfo ... 
2018-10-23 09:43:20 +0000  8 bytes for ./PkgInfo
2018-10-23 09:43:20 +0000  /usr/bin/ditto exited with 0
2018-10-23 09:43:20 +0000  Processing step: IDEDistributionEmbedProfileStep
2018-10-23 09:43:20 +0000  Processing step: IDEDistributionAppThinningPlistStep
2018-10-23 09:43:20 +0000  Skipping step: IDEDistributionAppThinningPlistStep because it said so
2018-10-23 09:43:20 +0000  Processing step: IDEDistributionCompileBitcodeStep
2018-10-23 09:43:20 +0000  Skipping step: IDEDistributionCompileBitcodeStep because it said so
2018-10-23 09:43:20 +0000  Processing step: IDEDistributionCodeSlimmingStep
2018-10-23 09:43:20 +0000  Processing step: IDEDistributionCopyBCSymbolMapsStep
2018-10-23 09:43:20 +0000  Skipping step: IDEDistributionCopyBCSymbolMapsStep because it said so
2018-10-23 09:43:20 +0000  Processing step: IDEDistributionSymbolsStep
2018-10-23 09:43:20 +0000  Skipping step: IDEDistributionSymbolsStep because it said so
2018-10-23 09:43:20 +0000  Processing step: IDEDistributionAppThinningStep
2018-10-23 09:43:20 +0000  Skipping step: IDEDistributionAppThinningStep because it said so
2018-10-23 09:43:20 +0000  Processing step: IDEDistributionODRStep
2018-10-23 09:43:20 +0000  Processing step: IDEDistributionStripXattrsStep
2018-10-23 09:43:20 +0000  Running /usr/bin/xattr '-crs' '/var/folders/gz/1xg6yp412cq6lqx4mjhyllnc0000gn/T/XcodeDistPipeline.XUU/Root/Payload/Glucon.app'
2018-10-23 09:43:20 +0000  /usr/bin/xattr exited with 0
2018-10-23 09:43:20 +0000  Processing step: IDEDistributionCodesignStep
2018-10-23 09:43:20 +0000  Entitlements for <IDEDistributionItem: 0x7fb74d409730 'com.puyuanbio.glucon' '<DVTFilePath:0x7fb748be7e30:'/Users/yuzongen/Library/Developer/Xcode/Archives/2018-10-23/PuYuan 2018-10-23 下午5.36.xcarchive/Products/Applications/Glucon.app'>'>: {
    "application-identifier" = "G2T67L774T.com.puyuanbio.glucon";
    "aps-environment" = development;
    "com.apple.developer.team-identifier" = G2T67L774T;
    "get-task-allow" = 1;
}
2018-10-23 09:43:20 +0000  Writing entitlements for <IDEDistributionItem: 0x7fb74d409730 'com.puyuanbio.glucon' '<DVTFilePath:0x7fb748be7e30:'/Users/yuzongen/Library/Developer/Xcode/Archives/2018-10-23/PuYuan 2018-10-23 下午5.36.xcarchive/Products/Applications/Glucon.app'>'> to: /var/folders/gz/1xg6yp412cq6lqx4mjhyllnc0000gn/T/XcodeDistPipeline.XUU/entitlementsC9cg2W
2018-10-23 09:43:20 +0000  Running /usr/bin/codesign '-vvv' '--force' '--sign' '3DCB3EC55D17FC904E59831841F4CEA7FA481380' '--entitlements' '/var/folders/gz/1xg6yp412cq6lqx4mjhyllnc0000gn/T/XcodeDistPipeline.XUU/entitlementsC9cg2W' '--preserve-metadata=identifier,flags,runtime' '/var/folders/gz/1xg6yp412cq6lqx4mjhyllnc0000gn/T/XcodeDistPipeline.XUU/Root/Payload/Glucon.app'
2018-10-23 09:43:20 +0000  /var/folders/gz/1xg6yp412cq6lqx4mjhyllnc0000gn/T/XcodeDistPipeline.XUU/Root/Payload/Glucon.app: replacing existing signature
2018-10-23 09:43:25 +0000  /var/folders/gz/1xg6yp412cq6lqx4mjhyllnc0000gn/T/XcodeDistPipeline.XUU/Root/Payload/Glucon.app: signed app bundle with Mach-O universal (armv7 arm64) [com.puyuanbio.glucon]
2018-10-23 09:43:25 +0000  /usr/bin/codesign exited with 0
2018-10-23 09:43:25 +0000  Processing step: IDEDistributionZipODRItemStep
2018-10-23 09:43:25 +0000  Skipping step: IDEDistributionZipODRItemStep because it said so
2018-10-23 09:43:25 +0000  Processing step: IDEDistributionCreateIPAStep
2018-10-23 09:43:25 +0000  Running /usr/bin/ditto '-V' '-c' '-k' '--norsrc' '/var/folders/gz/1xg6yp412cq6lqx4mjhyllnc0000gn/T/XcodeDistPipeline.XUU/Root' '/var/folders/gz/1xg6yp412cq6lqx4mjhyllnc0000gn/T/XcodeDistPipeline.XUU/Packages/PuYuan.ipa'
2018-10-23 09:43:25 +0000  >>> Copying /var/folders/gz/1xg6yp412cq6lqx4mjhyllnc0000gn/T/XcodeDistPipeline.XUU/Root 
2018-10-23 09:43:25 +0000  copying file ./Payload/Glucon.app/_CodeSignature/CodeResources ... 
2018-10-23 09:43:25 +0000  39463 bytes for ./Payload/Glucon.app/_CodeSignature/CodeResources
2018-10-23 09:43:25 +0000  copying file ./Payload/Glucon.app/add.png ... 
2018-10-23 09:43:25 +0000  2799 bytes for ./Payload/Glucon.app/add.png
2018-10-23 09:43:25 +0000  copying file ./Payload/Glucon.app/zh-Hant-TW.lproj/Localizable.strings ... 
2018-10-23 09:43:25 +0000  5545 bytes for ./Payload/Glucon.app/zh-Hant-TW.lproj/Localizable.strings
2018-10-23 09:43:25 +0000  copying file ./Payload/Glucon.app/zh-Hant-TW.lproj/InfoPlist.strings ... 
75 bytes for ./Payload/Glucon.app/zh-Hant-TW.lproj/InfoPlist.strings
2018-10-23 09:43:25 +0000  copying file ./Payload/Glucon.app/bluetooth.png ... 
2018-10-23 09:43:25 +0000  1008 bytes for ./Payload/Glucon.app/bluetooth.png
copying file ./Payload/Glucon.app/AppIcon20x20@2x.png ... 
2018-10-23 09:43:25 +0000  4900 bytes for ./Payload/Glucon.app/AppIcon20x20@2x.png
2018-10-23 09:43:25 +0000  copying file ./Payload/Glucon.app/Glucon ... 
2018-10-23 09:43:25 +0000  2005152 bytes for ./Payload/Glucon.app/Glucon
copying file ./Payload/Glucon.app/pressure.png ... 
2018-10-23 09:43:25 +0000  3584 bytes for ./Payload/Glucon.app/pressure.png
copying file ./Payload/Glucon.app/note.png ... 
2172 bytes for ./Payload/Glucon.app/note.png
copying file ./Payload/Glucon.app/AppIcon20x20@3x.png ... 
9160 bytes for ./Payload/Glucon.app/AppIcon20x20@3x.png
copying file ./Payload/Glucon.app/talk-QA.png ... 
1221 bytes for ./Payload/Glucon.app/talk-QA.png
copying file ./Payload/Glucon.app/icon-user.png ... 
2341 bytes for ./Payload/Glucon.app/icon-user.png
copying file ./Payload/Glucon.app/diary-on.png ... 
1295 bytes for ./Payload/Glucon.app/diary-on.png
copying file ./Payload/Glucon.app/guide.png ... 
2018-10-23 09:43:25 +0000  4428 bytes for ./Payload/Glucon.app/guide.png
copying file ./Payload/Glucon.app/AppIcon60x60@2x.png ... 
2018-10-23 09:43:25 +0000  26628 bytes for ./Payload/Glucon.app/AppIcon60x60@2x.png
copying file ./Payload/Glucon.app/community.png ... 
2018-10-23 09:43:25 +0000  1425 bytes for ./Payload/Glucon.app/community.png
copying file ./Payload/Glucon.app/cancel.png ... 
2018-10-23 09:43:25 +0000  12592 bytes for ./Payload/Glucon.app/cancel.png
copying file ./Payload/Glucon.app/AppIcon40x40@3x.png ... 
2018-10-23 09:43:25 +0000  26628 bytes for ./Payload/Glucon.app/AppIcon40x40@3x.png
copying file ./Payload/Glucon.app/manually-keyin.png ... 
2018-10-23 09:43:25 +0000  1292 bytes for ./Payload/Glucon.app/manually-keyin.png
copying file ./Payload/Glucon.app/delete-friend.png ... 
2018-10-23 09:43:25 +0000  1918 bytes for ./Payload/Glucon.app/delete-friend.png
copying file ./Payload/Glucon.app/share-to-SM.png ... 
2018-10-23 09:43:25 +0000  1072 bytes for ./Payload/Glucon.app/share-to-SM.png
copying file ./Payload/Glucon.app/AppIcon40x40@2x.png ... 
2018-10-23 09:43:25 +0000  14722 bytes for ./Payload/Glucon.app/AppIcon40x40@2x.png
copying file ./Payload/Glucon.app/start-measurement.png ... 
2018-10-23 09:43:25 +0000  8288 bytes for ./Payload/Glucon.app/start-measurement.png
copying file ./Payload/Glucon.app/AppIcon60x60@3x.png ... 
2018-10-23 09:43:25 +0000  42568 bytes for ./Payload/Glucon.app/AppIcon60x60@3x.png
2018-10-23 09:43:25 +0000  copying file ./Payload/Glucon.app/Base.lproj/Localizable.strings ... 
2018-10-23 09:43:25 +0000  6762 bytes for ./Payload/Glucon.app/Base.lproj/Localizable.strings
copying file ./Payload/Glucon.app/Base.lproj/InfoPlist.strings ... 
2018-10-23 09:43:25 +0000  75 bytes for ./Payload/Glucon.app/Base.lproj/InfoPlist.strings
2018-10-23 09:43:25 +0000  copying file ./Payload/Glucon.app/Base.lproj/Main.storyboardc/qQm-Lb-Pk8-view-132-Q5-ADo.nib ... 
2018-10-23 09:43:25 +0000  8116 bytes for ./Payload/Glucon.app/Base.lproj/Main.storyboardc/qQm-Lb-Pk8-view-132-Q5-ADo.nib
copying file ./Payload/Glucon.app/Base.lproj/Main.storyboardc/UIViewController-hc9-FI-9Tv.nib ... 
2018-10-23 09:43:25 +0000  958 bytes for ./Payload/Glucon.app/Base.lproj/Main.storyboardc/UIViewController-hc9-FI-9Tv.nib
copying file ./Payload/Glucon.app/Base.lproj/Main.storyboardc/UIViewController-rUw-dG-ZHo.nib ... 
2018-10-23 09:43:25 +0000  961 bytes for ./Payload/Glucon.app/Base.lproj/Main.storyboardc/UIViewController-rUw-dG-ZHo.nib
copying file ./Payload/Glucon.app/Base.lproj/Main.storyboardc/UIViewController-l9q-5k-Xjq.nib ... 
2018-10-23 09:43:25 +0000  1213 bytes for ./Payload/Glucon.app/Base.lproj/Main.storyboardc/UIViewController-l9q-5k-Xjq.nib
copying file ./Payload/Glucon.app/Base.lproj/Main.storyboardc/UIViewController-kKS-UY-E6M.nib ... 
1224 bytes for ./Payload/Glucon.app/Base.lproj/Main.storyboardc/UIViewController-kKS-UY-E6M.nib
copying file ./Payload/Glucon.app/Base.lproj/Main.storyboardc/UIViewController-26e-G9-3yr.nib ... 
2018-10-23 09:43:25 +0000  968 bytes for ./Payload/Glucon.app/Base.lproj/Main.storyboardc/UIViewController-26e-G9-3yr.nib
copying file ./Payload/Glucon.app/Base.lproj/Main.storyboardc/u21-7g-qpb-view-7gF-Zf-1K6.nib ... 
2018-10-23 09:43:25 +0000  5212 bytes for ./Payload/Glucon.app/Base.lproj/Main.storyboardc/u21-7g-qpb-view-7gF-Zf-1K6.nib
copying file ./Payload/Glucon.app/Base.lproj/Main.storyboardc/UIViewController-rTj-KW-nH1.nib ... 
2018-10-23 09:43:25 +0000  1849 bytes for ./Payload/Glucon.app/Base.lproj/Main.storyboardc/UIViewController-rTj-KW-nH1.nib
copying file ./Payload/Glucon.app/Base.lproj/Main.storyboardc/UIViewController-rIU-pe-A9l.nib ... 
2018-10-23 09:43:25 +0000  966 bytes for ./Payload/Glucon.app/Base.lproj/Main.storyboardc/UIViewController-rIU-pe-A9l.nib
copying file ./Payload/Glucon.app/Base.lproj/Main.storyboardc/UIViewController-zSu-tY-Thf.nib ... 
961 bytes for ./Payload/Glucon.app/Base.lproj/Main.storyboardc/UIViewController-zSu-tY-Thf.nib
copying file ./Payload/Glucon.app/Base.lproj/Main.storyboardc/UIViewController-Ybt-o9-ebQ.nib ... 
2018-10-23 09:43:25 +0000  1308 bytes for ./Payload/Glucon.app/Base.lproj/Main.storyboardc/UIViewController-Ybt-o9-ebQ.nib
copying file ./Payload/Glucon.app/Base.lproj/Main.storyboardc/l9q-5k-Xjq-view-myo-i7-rAJ.nib ... 
2018-10-23 09:43:25 +0000  11783 bytes for ./Payload/Glucon.app/Base.lproj/Main.storyboardc/l9q-5k-Xjq-view-myo-i7-rAJ.nib
copying file ./Payload/Glucon.app/Base.lproj/Main.storyboardc/HFk-kk-ie4-view-tK3-UO-Xa1.nib ... 
2018-10-23 09:43:25 +0000  4624 bytes for ./Payload/Glucon.app/Base.lproj/Main.storyboardc/HFk-kk-ie4-view-tK3-UO-Xa1.nib
2018-10-23 09:43:25 +0000  copying file ./Payload/Glucon.app/Base.lproj/Main.storyboardc/rIU-pe-A9l-view-LBD-lh-GZ4.nib ... 
2018-10-23 09:43:25 +0000  6212 bytes for ./Payload/Glucon.app/Base.lproj/Main.storyboardc/rIU-pe-A9l-view-LBD-lh-GZ4.nib
copying file ./Payload/Glucon.app/Base.lproj/Main.storyboardc/jad-WV-7Ub-view-tFK-Qi-lqm.nib ... 
2018-10-23 09:43:25 +0000  4315 bytes for ./Payload/Glucon.app/Base.lproj/Main.storyboardc/jad-WV-7Ub-view-tFK-Qi-lqm.nib
2018-10-23 09:43:25 +0000  copying file ./Payload/Glucon.app/Base.lproj/Main.storyboardc/hmq-DL-hed-view-Wmc-F4-vdn.nib ... 
2018-10-23 09:43:25 +0000  4312 bytes for ./Payload/Glucon.app/Base.lproj/Main.storyboardc/hmq-DL-hed-view-Wmc-F4-vdn.nib
copying file ./Payload/Glucon.app/Base.lproj/Main.storyboardc/rUw-dG-ZHo-view-QPj-6k-GWg.nib ... 
2018-10-23 09:43:25 +0000  4877 bytes for ./Payload/Glucon.app/Base.lproj/Main.storyboardc/rUw-dG-ZHo-view-QPj-6k-GWg.nib
copying file ./Payload/Glucon.app/Base.lproj/Main.storyboardc/UIViewController-biN-IB-B16.nib ... 
2018-10-23 09:43:25 +0000  1213 bytes for ./Payload/Glucon.app/Base.lproj/Main.storyboardc/UIViewController-biN-IB-B16.nib
copying file ./Payload/Glucon.app/Base.lproj/Main.storyboardc/hc9-FI-9Tv-view-D0p-RU-VcE.nib ... 
2018-10-23 09:43:25 +0000  3888 bytes for ./Payload/Glucon.app/Base.lproj/Main.storyboardc/hc9-FI-9Tv-view-D0p-RU-VcE.nib
2018-10-23 09:43:25 +0000  copying file ./Payload/Glucon.app/Base.lproj/Main.storyboardc/41L-Ze-GGa-view-aRD-E8-ozj.nib ... 
2018-10-23 09:43:25 +0000  4870 bytes for ./Payload/Glucon.app/Base.lproj/Main.storyboardc/41L-Ze-GGa-view-aRD-E8-ozj.nib
copying file ./Payload/Glucon.app/Base.lproj/Main.storyboardc/UIViewController-h12-RV-1Ix.nib ... 
2018-10-23 09:43:25 +0000  1327 bytes for ./Payload/Glucon.app/Base.lproj/Main.storyboardc/UIViewController-h12-RV-1Ix.nib
copying file ./Payload/Glucon.app/Base.lproj/Main.storyboardc/h12-RV-1Ix-view-QVp-tV-Xba.nib ... 
2018-10-23 09:43:25 +0000  4632 bytes for ./Payload/Glucon.app/Base.lproj/Main.storyboardc/h12-RV-1Ix-view-QVp-tV-Xba.nib
copying file ./Payload/Glucon.app/Base.lproj/Main.storyboardc/B2j-aw-pk4-view-xbB-TH-Eef.nib ... 
2018-10-23 09:43:25 +0000  7963 bytes for ./Payload/Glucon.app/Base.lproj/Main.storyboardc/B2j-aw-pk4-view-xbB-TH-Eef.nib
copying file ./Payload/Glucon.app/Base.lproj/Main.storyboardc/UIViewController-f4W-Lc-Xra.nib ... 
2018-10-23 09:43:25 +0000  965 bytes for ./Payload/Glucon.app/Base.lproj/Main.storyboardc/UIViewController-f4W-Lc-Xra.nib
copying file ./Payload/Glucon.app/Base.lproj/Main.storyboardc/UIViewController-kqP-PJ-hHH.nib ... 
2018-10-23 09:43:25 +0000  1491 bytes for ./Payload/Glucon.app/Base.lproj/Main.storyboardc/UIViewController-kqP-PJ-hHH.nib
copying file ./Payload/Glucon.app/Base.lproj/Main.storyboardc/kqP-PJ-hHH-view-fLz-0y-Btn.nib ... 
2018-10-23 09:43:25 +0000  5317 bytes for ./Payload/Glucon.app/Base.lproj/Main.storyboardc/kqP-PJ-hHH-view-fLz-0y-Btn.nib
copying file ./Payload/Glucon.app/Base.lproj/Main.storyboardc/UIViewController-xni-t3-2Ay.nib ... 
2018-10-23 09:43:25 +0000  968 bytes for ./Payload/Glucon.app/Base.lproj/Main.storyboardc/UIViewController-xni-t3-2Ay.nib
copying file ./Payload/Glucon.app/Base.lproj/Main.storyboardc/UIViewController-B2j-aw-pk4.nib ... 
2018-10-23 09:43:25 +0000  965 bytes for ./Payload/Glucon.app/Base.lproj/Main.storyboardc/UIViewController-B2j-aw-pk4.nib
copying file ./Payload/Glucon.app/Base.lproj/Main.storyboardc/YUf-c9-Yss-view-c1Z-56-QQw.nib ... 
2018-10-23 09:43:25 +0000  7752 bytes for ./Payload/Glucon.app/Base.lproj/Main.storyboardc/YUf-c9-Yss-view-c1Z-56-QQw.nib
2018-10-23 09:43:25 +0000  copying file ./Payload/Glucon.app/Base.lproj/Main.storyboardc/RTK-Dd-ynl-view-Spe-03-rk1.nib ... 
2018-10-23 09:43:25 +0000  4720 bytes for ./Payload/Glucon.app/Base.lproj/Main.storyboardc/RTK-Dd-ynl-view-Spe-03-rk1.nib
copying file ./Payload/Glucon.app/Base.lproj/Main.storyboardc/xni-t3-2Ay-view-ifU-6t-eJX.nib ... 
2018-10-23 09:43:25 +0000  6822 bytes for ./Payload/Glucon.app/Base.lproj/Main.storyboardc/xni-t3-2Ay-view-ifU-6t-eJX.nib
2018-10-23 09:43:25 +0000  copying file ./Payload/Glucon.app/Base.lproj/Main.storyboardc/zSu-tY-Thf-view-U55-pf-s8b.nib ... 
2018-10-23 09:43:25 +0000  7020 bytes for ./Payload/Glucon.app/Base.lproj/Main.storyboardc/zSu-tY-Thf-view-U55-pf-s8b.nib
copying file ./Payload/Glucon.app/Base.lproj/Main.storyboardc/UIViewController-HFk-kk-ie4.nib ... 
2018-10-23 09:43:25 +0000  1219 bytes for ./Payload/Glucon.app/Base.lproj/Main.storyboardc/UIViewController-HFk-kk-ie4.nib
copying file ./Payload/Glucon.app/Base.lproj/Main.storyboardc/UIViewController-qQm-Lb-Pk8.nib ... 
2018-10-23 09:43:25 +0000  971 bytes for ./Payload/Glucon.app/Base.lproj/Main.storyboardc/UIViewController-qQm-Lb-Pk8.nib
copying file ./Payload/Glucon.app/Base.lproj/Main.storyboardc/f4W-Lc-Xra-view-OT0-3b-Oup.nib ... 
2018-10-23 09:43:25 +0000  5839 bytes for ./Payload/Glucon.app/Base.lproj/Main.storyboardc/f4W-Lc-Xra-view-OT0-3b-Oup.nib
2018-10-23 09:43:25 +0000  copying file ./Payload/Glucon.app/Base.lproj/Main.storyboardc/j69-gN-2Bg-view-Ibv-QU-Djj.nib ... 
2018-10-23 09:43:25 +0000  5694 bytes for ./Payload/Glucon.app/Base.lproj/Main.storyboardc/j69-gN-2Bg-view-Ibv-QU-Djj.nib
copying file ./Payload/Glucon.app/Base.lproj/Main.storyboardc/UIViewController-RTK-Dd-ynl.nib ... 
2018-10-23 09:43:25 +0000  960 bytes for ./Payload/Glucon.app/Base.lproj/Main.storyboardc/UIViewController-RTK-Dd-ynl.nib
copying file ./Payload/Glucon.app/Base.lproj/Main.storyboardc/UIViewController-3wr-69-2bf.nib ... 
2018-10-23 09:43:25 +0000  2189 bytes for ./Payload/Glucon.app/Base.lproj/Main.storyboardc/UIViewController-3wr-69-2bf.nib
copying file ./Payload/Glucon.app/Base.lproj/Main.storyboardc/26e-G9-3yr-view-ndr-hN-7bH.nib ... 
2018-10-23 09:43:25 +0000  6993 bytes for ./Payload/Glucon.app/Base.lproj/Main.storyboardc/26e-G9-3yr-view-ndr-hN-7bH.nib
copying file ./Payload/Glucon.app/Base.lproj/Main.storyboardc/UIViewController-j69-gN-2Bg.nib ... 
2018-10-23 09:43:25 +0000  1387 bytes for ./Payload/Glucon.app/Base.lproj/Main.storyboardc/UIViewController-j69-gN-2Bg.nib
copying file ./Payload/Glucon.app/Base.lproj/Main.storyboardc/UIViewController-jad-WV-7Ub.nib ... 
2018-10-23 09:43:25 +0000  1329 bytes for ./Payload/Glucon.app/Base.lproj/Main.storyboardc/UIViewController-jad-WV-7Ub.nib
copying file ./Payload/Glucon.app/Base.lproj/Main.storyboardc/3wr-69-2bf-view-aVC-B2-jDu.nib ... 
2018-10-23 09:43:25 +0000  21586 bytes for ./Payload/Glucon.app/Base.lproj/Main.storyboardc/3wr-69-2bf-view-aVC-B2-jDu.nib
copying file ./Payload/Glucon.app/Base.lproj/Main.storyboardc/UIViewController-hmq-DL-hed.nib ... 
2018-10-23 09:43:25 +0000  1218 bytes for ./Payload/Glucon.app/Base.lproj/Main.storyboardc/UIViewController-hmq-DL-hed.nib
copying file ./Payload/Glucon.app/Base.lproj/Main.storyboardc/biN-IB-B16-view-Pf5-Ar-FE6.nib ... 
2018-10-23 09:43:25 +0000  4312 bytes for ./Payload/Glucon.app/Base.lproj/Main.storyboardc/biN-IB-B16-view-Pf5-Ar-FE6.nib
copying file ./Payload/Glucon.app/Base.lproj/Main.storyboardc/axk-ub-PLH-view-gdZ-jc-RdX.nib ... 
2018-10-23 09:43:25 +0000  9346 bytes for ./Payload/Glucon.app/Base.lproj/Main.storyboardc/axk-ub-PLH-view-gdZ-jc-RdX.nib
copying file ./Payload/Glucon.app/Base.lproj/Main.storyboardc/gFM-WI-fTk-view-XtA-4n-fs7.nib ... 
2018-10-23 09:43:25 +0000  6875 bytes for ./Payload/Glucon.app/Base.lproj/Main.storyboardc/gFM-WI-fTk-view-XtA-4n-fs7.nib
copying file ./Payload/Glucon.app/Base.lproj/Main.storyboardc/kKS-UY-E6M-view-VaD-7p-DNs.nib ... 
2018-10-23 09:43:25 +0000  9257 bytes for ./Payload/Glucon.app/Base.lproj/Main.storyboardc/kKS-UY-E6M-view-VaD-7p-DNs.nib
copying file ./Payload/Glucon.app/Base.lproj/Main.storyboardc/Ybt-o9-ebQ-view-kny-1q-pJH.nib ... 
2018-10-23 09:43:25 +0000  6847 bytes for ./Payload/Glucon.app/Base.lproj/Main.storyboardc/Ybt-o9-ebQ-view-kny-1q-pJH.nib
copying file ./Payload/Glucon.app/Base.lproj/Main.storyboardc/rTj-KW-nH1-view-oub-KY-6NE.nib ... 
2018-10-23 09:43:25 +0000  4303 bytes for ./Payload/Glucon.app/Base.lproj/Main.storyboardc/rTj-KW-nH1-view-oub-KY-6NE.nib
copying file ./Payload/Glucon.app/Base.lproj/Main.storyboardc/UIViewController-41L-Ze-GGa.nib ... 
2018-10-23 09:43:25 +0000  964 bytes for ./Payload/Glucon.app/Base.lproj/Main.storyboardc/UIViewController-41L-Ze-GGa.nib
copying file ./Payload/Glucon.app/Base.lproj/Main.storyboardc/UIViewController-gFM-WI-fTk.nib ... 
959 bytes for ./Payload/Glucon.app/Base.lproj/Main.storyboardc/UIViewController-gFM-WI-fTk.nib
copying file ./Payload/Glucon.app/Base.lproj/Main.storyboardc/UIViewController-u21-7g-qpb.nib ... 
2018-10-23 09:43:25 +0000  962 bytes for ./Payload/Glucon.app/Base.lproj/Main.storyboardc/UIViewController-u21-7g-qpb.nib
copying file ./Payload/Glucon.app/Base.lproj/Main.storyboardc/Info.plist ... 
2018-10-23 09:43:25 +0000  1961 bytes for ./Payload/Glucon.app/Base.lproj/Main.storyboardc/Info.plist
2018-10-23 09:43:25 +0000  copying file ./Payload/Glucon.app/Base.lproj/Main.storyboardc/PersonalSetting.nib ... 
1298 bytes for ./Payload/Glucon.app/Base.lproj/Main.storyboardc/PersonalSetting.nib
copying file ./Payload/Glucon.app/Base.lproj/Main.storyboardc/UIViewController-axk-ub-PLH.nib ... 
2018-10-23 09:43:25 +0000  971 bytes for ./Payload/Glucon.app/Base.lproj/Main.storyboardc/UIViewController-axk-ub-PLH.nib
copying file ./Payload/Glucon.app/Base.lproj/LaunchScreen.storyboardc/01J-lp-oVM-view-Ze5-6b-2t3.nib ... 
2018-10-23 09:43:25 +0000  2426 bytes for ./Payload/Glucon.app/Base.lproj/LaunchScreen.storyboardc/01J-lp-oVM-view-Ze5-6b-2t3.nib
2018-10-23 09:43:25 +0000  copying file ./Payload/Glucon.app/Base.lproj/LaunchScreen.storyboardc/UIViewController-01J-lp-oVM.nib ... 
832 bytes for ./Payload/Glucon.app/Base.lproj/LaunchScreen.storyboardc/UIViewController-01J-lp-oVM.nib
copying file ./Payload/Glucon.app/Base.lproj/LaunchScreen.storyboardc/Info.plist ... 
2018-10-23 09:43:25 +0000  258 bytes for ./Payload/Glucon.app/Base.lproj/LaunchScreen.storyboardc/Info.plist
2018-10-23 09:43:25 +0000  copying file ./Payload/Glucon.app/friend.png ... 
2118 bytes for ./Payload/Glucon.app/friend.png
2018-10-23 09:43:25 +0000  copying file ./Payload/Glucon.app/zh-Hant.lproj/Localizable.strings ... 
2018-10-23 09:43:25 +0000  5545 bytes for ./Payload/Glucon.app/zh-Hant.lproj/Localizable.strings
copying file ./Payload/Glucon.app/zh-Hant.lproj/InfoPlist.strings ... 
75 bytes for ./Payload/Glucon.app/zh-Hant.lproj/InfoPlist.strings
2018-10-23 09:43:25 +0000  copying file ./Payload/Glucon.app/blood.png ... 
3046 bytes for ./Payload/Glucon.app/blood.png
2018-10-23 09:43:25 +0000  copying file ./Payload/Glucon.app/QA.png ... 
2018-10-23 09:43:25 +0000  1649 bytes for ./Payload/Glucon.app/QA.png
copying file ./Payload/Glucon.app/weight.png ... 
2018-10-23 09:43:25 +0000  3243 bytes for ./Payload/Glucon.app/weight.png
copying file ./Payload/Glucon.app/whiteArrow.png ... 
2018-10-23 09:43:25 +0000  4011 bytes for ./Payload/Glucon.app/whiteArrow.png
copying file ./Payload/Glucon.app/connec.png ... 
2018-10-23 09:43:25 +0000  1403 bytes for ./Payload/Glucon.app/connec.png
copying file ./Payload/Glucon.app/diary.png ... 
2018-10-23 09:43:25 +0000  1273 bytes for ./Payload/Glucon.app/diary.png
copying file ./Payload/Glucon.app/Assets.car ... 
2018-10-23 09:43:25 +0000  184120 bytes for ./Payload/Glucon.app/Assets.car
copying file ./Payload/Glucon.app/forward.png ... 
2018-10-23 09:43:25 +0000  402 bytes for ./Payload/Glucon.app/forward.png
copying file ./Payload/Glucon.app/talk-me.png ... 
2018-10-23 09:43:25 +0000  630 bytes for ./Payload/Glucon.app/talk-me.png
copying file ./Payload/Glucon.app/Puyuan-Logo.png ... 
2018-10-23 09:43:25 +0000  19287 bytes for ./Payload/Glucon.app/Puyuan-Logo.png
copying file ./Payload/Glucon.app/add-friend.png ... 
2018-10-23 09:43:25 +0000  1742 bytes for ./Payload/Glucon.app/add-friend.png
copying file ./Payload/Glucon.app/share.png ... 
2018-10-23 09:43:25 +0000  419 bytes for ./Payload/Glucon.app/share.png
copying file ./Payload/Glucon.app/icon-utritionist.png ... 
2226 bytes for ./Payload/Glucon.app/icon-utritionist.png
copying file ./Payload/Glucon.app/share-to-community.png ... 
2018-10-23 09:43:25 +0000  1439 bytes for ./Payload/Glucon.app/share-to-community.png
copying file ./Payload/Glucon.app/headphone.png ... 
2018-10-23 09:43:25 +0000  1125 bytes for ./Payload/Glucon.app/headphone.png
copying file ./Payload/Glucon.app/QA-on.png ... 
1957 bytes for ./Payload/Glucon.app/QA-on.png
copying file ./Payload/Glucon.app/community-on.png ... 
2018-10-23 09:43:25 +0000  1502 bytes for ./Payload/Glucon.app/community-on.png
2018-10-23 09:43:25 +0000  copying file ./Payload/Glucon.app/analysis.png ... 
1123 bytes for ./Payload/Glucon.app/analysis.png
copying file ./Payload/Glucon.app/headphone-sync-2.png ... 
2018-10-23 09:43:25 +0000  14888 bytes for ./Payload/Glucon.app/headphone-sync-2.png
copying file ./Payload/Glucon.app/more.png ... 
2018-10-23 09:43:25 +0000  858 bytes for ./Payload/Glucon.app/more.png
copying file ./Payload/Glucon.app/embedded.mobileprovision ... 
2018-10-23 09:43:25 +0000  28514 bytes for ./Payload/Glucon.app/embedded.mobileprovision
copying file ./Payload/Glucon.app/headphone-sync-1.png ... 
2018-10-23 09:43:25 +0000  8558 bytes for ./Payload/Glucon.app/headphone-sync-1.png
copying file ./Payload/Glucon.app/notification.png ... 
2018-10-23 09:43:25 +0000  1641 bytes for ./Payload/Glucon.app/notification.png
copying file ./Payload/Glucon.app/diet.png ... 
2018-10-23 09:43:25 +0000  3067 bytes for ./Payload/Glucon.app/diet.png
copying file ./Payload/Glucon.app/back.png ... 
429 bytes for ./Payload/Glucon.app/back.png
copying file ./Payload/Glucon.app/Info.plist ... 
2018-10-23 09:43:25 +0000  1826 bytes for ./Payload/Glucon.app/Info.plist
copying file ./Payload/Glucon.app/PkgInfo ... 
2018-10-23 09:43:25 +0000  8 bytes for ./Payload/Glucon.app/PkgInfo
2018-10-23 09:43:25 +0000  /usr/bin/ditto exited with 0
2018-10-23 09:43:25 +0000  Processing step: IDEDistributionAppStoreInformationStep
2018-10-23 09:43:25 +0000  Skipping step: IDEDistributionAppStoreInformationStep because it said so
2018-10-23 09:43:25 +0000  Processing step: IDEDistributionCreateManifestStep
